[SQL_LOG:2024-01-04 01:23:01]: SELECT html_tag, css_contentFROM icons      []
[SQL_LOG:2024-01-04 01:23:08]: SELECT html_tag, css_contentFROM icons      []
[SQL_LOG:2024-01-04 01:23:56]: SELECT html_tag, css_contentFROM icons      []
[SQL_LOG:2024-01-04 01:24:08]: SELECT html_tag, css_content FROM icons      []
[SQL_LOG:2024-01-04 01:24:23]: SELECT html_tag, css_content FROM icons      []
[SQL_LOG:2024-01-04 01:25:05]: SELECT  html_tag, css_content FROM  icons       []
[SQL_LOG:2024-01-05 02:10:15]: INSERT INTO tmp_users (email,token,expires) VALUES (?,?,?) [test888@example.com,xxx,2024-01-12 02:10:15]
[SQL_LOG:2024-01-05 02:10:22]: INSERT INTO tmp_users (email,token,expires) VALUES (?,?,?) [test888@example.com,xxx,2024-01-12 02:10:22]
[SQL_LOG:2024-01-05 02:21:51]: INSERT INTO tmp_users (email,token,expires) VALUES (?,?,?) [test888@example.com,xxx,2024-01-12 02:21:51]
[SQL_LOG:2024-01-05 02:23:29]: INSERT INTO tmp_users (email,token,expires) VALUES (?,?,?) [test888@example.com,xxx,2024-01-12 02:23:29]
[SQL_LOG:2024-01-05 02:23:43]: INSERT INTO tmp_users (email,token,expires) VALUES (?,?,?) [test888@example.com,xxx,2024-01-12 02:23:43]
[SQL_LOG:2024-01-05 02:26:10]: INSERT INTO tmp_users (email,token,expires) VALUES (?,?,?) [test888@example.com,xxx,2024-01-12 02:26:10]
[SQL_LOG:2024-01-05 02:26:42]: INSERT INTO tmp_users (email,token,expires) VALUES (?,?,?) [test888@example.com,xxx,2024-01-12 02:26:42]
[SQL_LOG:2024-01-05 02:35:57]: INSERT INTO tmp_users (email,token,expires) VALUES (?,?,?) [test888@example.com,xxx,2024-01-12 02:35:57]
[SQL_LOG:2024-01-05 02:36:30]: INSERT INTO tmp_users (email,token,expires) VALUES (?,?,?) [test888@example.com,xxx,2024-01-12 02:36:30]
[SQL_LOG:2024-01-05 02:37:24]: INSERT INTO tmp_users (email,token,expires) VALUES (?,?,?) [test888@example.com,xxx,2024-01-12 02:37:24]
[SQL_LOG:2024-01-05 02:38:04]: INSERT INTO tmp_users (email,token,expires) VALUES (?,?,?) [test888@example.com,xxx,2024-01-12 02:38:04]
[SQL_LOG:2024-01-05 02:44:00]: INSERT INTO tmp_users (email,token,expires) VALUES (?,?,?) [test888@example.com,xxx,2024-01-12 02:44:00]
[SQL_LOG:2024-01-05 02:45:21]: INSERT INTO tmp_users (email,token,expires) VALUES (?,?,?) [test888@example.com,xxx,2024-01-12 02:45:21]
[SQL_LOG:2024-01-05 02:50:38]: INSERT INTO tmp_users (email,token,expires) VALUES (?,?,?) [test888@example.com,xxx,2024-01-12 02:50:38]
[SQL_LOG:2024-01-05 02:50:46]: INSERT INTO tmp_users (email,token,expires) VALUES (?,?,?) [koruri821@yahoo.co.jp,xxx,2024-01-12 02:50:46]
[SQL_LOG:2024-01-05 02:52:41]: INSERT INTO tmp_users (email,token,expires) VALUES (?,?,?) [koruri821@yahoo.co.jp,xxx,2024-01-12 02:52:41]
[SQL_LOG:2024-01-05 02:55:08]: INSERT INTO tmp_users (email,token,expires) VALUES (?,?,?) [koruri821@yahoo.co.jp,xxx,2024-01-12 02:55:08]
[SQL_LOG:2024-01-05 03:01:07]: INSERT INTO tmp_users (email,token,expires) VALUES (?,?,?) [koruri821@yahoo.co.jp,xxx,2024-01-12 03:01:07]
[SQL_LOG:2024-01-05 03:01:40]: INSERT INTO tmp_users (email,token,expires) VALUES (?,?,?) [alpha@omega.com,xxx,2024-01-12 03:01:40]
[SQL_LOG:2024-01-05 03:01:55]: INSERT INTO tmp_users (email,token,expires) VALUES (?,?,?) [koruri821@yahoo.co.jp,xxx,2024-01-12 03:01:55]
[SQL_LOG:2024-01-05 05:02:30]: INSERT INTO tmp_users (email,token,expires) VALUES (?,?,?) [test888@example.com,xxx,2024-01-12 05:02:30]
[SQL_LOG:2024-01-05 05:06:32]: INSERT INTO tmp_users (email,token,expires) VALUES (?,?,?) [k.makihara29@gmail.com,xxx,2024-01-12 05:06:32]
[SQL_LOG:2024-01-05 05:07:08]: INSERT INTO tmp_users (email,token,expires) VALUES (?,?,?) [alpha@omega.com,xxx,2024-01-12 05:07:08]
[SQL_LOG:2024-01-05 05:09:36]: INSERT INTO tmp_users (email,token,expires) VALUES (?,?,?) [alpha@omega.com,xxx,2024-01-12 05:09:36]
[SQL_LOG:2024-01-05 05:18:20]: INSERT INTO tmp_users (email,token,expires) VALUES (?,?,?) [test888@example.com,xxx,2024-01-12 05:18:20]
[SQL_LOG:2024-01-05 05:19:04]: INSERT INTO tmp_users (email,token,expires) VALUES (?,?,?) [test888@example.com,xxx,2024-01-12 05:19:04]
[SQL_LOG:2024-01-05 05:19:47]: INSERT INTO tmp_users (email,token,expires) VALUES (?,?,?) [alpha@omega.com,xxx,2024-01-12 05:19:47]
[SQL_LOG:2024-01-05 05:21:41]: INSERT INTO tmp_users (email,token,expires) VALUES (?,?,?) [alpha@omega.com,xxx,2024-01-12 05:21:41]
[SQL_LOG:2024-01-05 05:21:47]: INSERT INTO tmp_users (email,token,expires) VALUES (?,?,?) [alpha@omega.com,xxx,2024-01-12 05:21:47]
[SQL_LOG:2024-01-05 05:22:51]: INSERT INTO tmp_users (email,token,expires) VALUES (?,?,?) [alpha@omega.com,xxx,2024-01-12 05:22:51]
[SQL_LOG:2024-01-05 05:26:32]: INSERT INTO tmp_users (email,token,expires) VALUES (?,?,?) [alpha@omega.com,xxx,2024-01-12 05:26:32]
[SQL_LOG:2024-01-05 05:34:13]: INSERT INTO tmp_users (email,token,expires) VALUES (?,?,?) [alpha@omega.com,xxx,2024-01-12 05:34:13]
[SQL_LOG:2024-01-05 06:23:07]: INSERT INTO tmp_users (email,token,expires) VALUES (?,?,?) [alpha@omega.com,c5825d82678d7c5df526f1ade99908d0,2024-01-05 06:38:07]
[SQL_LOG:2024-01-05 16:08:54]: INSERT INTO tmp_users (email,token,expires) VALUES (?,?,?) [koruri821@yahoo.co.jp,1aef2b4eed01f1a478076964ce33abbd,2024-01-05 16:23:54]
[SQL_LOG:2024-01-05 16:15:22]: SELECT  tmp_user_id, email, token, expires FROM  tmp_users  WHERE  token = ?      [a75c07dc63e877c81d28998db94a39fb]
[SQL_LOG:2024-01-05 16:15:50]: SELECT  tmp_user_id, email, token, expires FROM  tmp_users  WHERE  token = ?      [a75c07dc63e877c81d28998db94a39fb]
[SQL_LOG:2024-01-05 16:16:28]: SELECT  tmp_user_id, email, token, expires FROM  tmp_users  WHERE  token = ?      [a75c07dc63e877c81d28998db94a39fb]
[SQL_LOG:2024-01-05 16:16:59]: SELECT  tmp_user_id, email, token, expires FROM  tmp_users  WHERE  token = ?      [a75c07dc63e877c81d28998db94a39fb]
[SQL_LOG:2024-01-05 16:25:43]: SELECT  tmp_user_id, email, token, expires FROM  tmp_users  WHERE  token = ?      [a75c07dc63e877c81d28998db94a39fb]
[SQL_LOG:2024-01-05 16:27:59]: INSERT INTO tmp_users (email,token,expires) VALUES (?,?,?) [alpha@omega.com,0cdea526deb32132dcdb426fa40edc36,2024-01-05 16:42:59]
[SQL_LOG:2024-01-05 16:28:23]: INSERT INTO tmp_users (email,token,expires) VALUES (?,?,?) [alpha@omega.com,ca6008795a62bed8be67c8e48906db5b,2024-01-05 16:43:23]
[SQL_LOG:2024-01-05 16:28:40]: SELECT  tmp_user_id, email, token, expires FROM  tmp_users  WHERE  token = ?      [ca6008795a62bed8be67c8e48906db5b]
[SQL_LOG:2024-01-05 16:29:27]: SELECT  tmp_user_id, email, token, expires FROM  tmp_users  WHERE  token = ?      [ca6008795a62bed8be67c8e48906db5b]
[SQL_LOG:2024-01-05 16:29:48]: SELECT  tmp_user_id, email, token, expires FROM  tmp_users  WHERE  token = ?      [ca6008795a62bed8be67c8e48906db5b]
[SQL_LOG:2024-01-05 16:30:16]: SELECT  tmp_user_id, email, token, expires FROM  tmp_users  WHERE  token = ?      [ca6008795a62bed8be67c8e48906db5b]
[SQL_LOG:2024-01-05 16:30:32]: SELECT  tmp_user_id, email, token, expires FROM  tmp_users  WHERE  token = ?      [ca6008795a62bed8be67c8e48906db5b]
[SQL_LOG:2024-01-05 16:32:08]: SELECT  tmp_user_id, email, token, expires FROM  tmp_users  WHERE  token = ?      [ca6008795a62bed8be67c8e48906db5b]
[SQL_LOG:2024-01-05 16:33:07]: SELECT  tmp_user_id, email, token, expires FROM  tmp_users  WHERE  token = ?      [ca6008795a62bed8be67c8e48906db5b]
[SQL_LOG:2024-01-05 16:33:44]: SELECT  tmp_user_id, email, token, expires FROM  tmp_users  WHERE  token = ?      [ca6008795a62bed8be67c8e48906db5b]
[SQL_LOG:2024-01-05 16:34:00]: SELECT  tmp_user_id, email, token, expires FROM  tmp_users  WHERE  token = ?      [ca6008795a62bed8be67c8e48906db5b]
[SQL_LOG:2024-01-05 16:34:49]: SELECT  tmp_user_id, email, token, expires FROM  tmp_users  WHERE  token = ?      [ca6008795a62bed8be67c8e48906db5b]
[SQL_LOG:2024-01-05 16:47:24]: SELECT  tmp_user_id, email, token, expires FROM  tmp_users  WHERE  token = ?      [ca6008795a62bed8be67c8e48906db5b]
[SQL_LOG:2024-01-05 16:47:37]: INSERT INTO tmp_users (email,token,expires) VALUES (?,?,?) [koruri821@yahoo.co.jp,cbc829e3724814d2c1d9b7a8728d057d,2024-01-05 17:02:37]
[SQL_LOG:2024-01-05 16:48:01]: SELECT  tmp_user_id, email, token, expires FROM  tmp_users  WHERE  token = ?      [cbc829e3724814d2c1d9b7a8728d057d]
[SQL_LOG:2024-01-05 16:48:09]: SELECT  tmp_user_id, email, token, expires FROM  tmp_users  WHERE  token = ?      [cbc829e3724814d2c1d9b7a8728d057d]
[SQL_LOG:2024-01-05 16:48:44]: SELECT  tmp_user_id, email, token, expires FROM  tmp_users  WHERE  token = ?      [cbc829e3724814d2c1d9b7a8728d057d]
[SQL_LOG:2024-01-05 16:48:50]: SELECT  tmp_user_id, email, token, expires FROM  tmp_users  WHERE  token = ?      [cbc829e3724814d2c1d9b7a8728d057d]
[SQL_LOG:2024-01-05 16:56:10]: SELECT  tmp_user_id, email, token, expires FROM  tmp_users  WHERE  token = ?      [cbc829e3724814d2c1d9b7a8728d057d]
[SQL_LOG:2024-01-05 16:56:18]: SELECT  tmp_user_id, email, token, expires FROM  tmp_users  WHERE  token = ?      [cbc829e3724814d2c1d9b7a8728d057d]
[SQL_LOG:2024-01-05 16:56:38]: SELECT  tmp_user_id, email, token, expires FROM  tmp_users  WHERE  token = ?      [cbc829e3724814d2c1d9b7a8728d057d]
[SQL_LOG:2024-01-05 16:56:43]: SELECT  tmp_user_id, email, token, expires FROM  tmp_users  WHERE  token = ?      [cbc829e3724814d2c1d9b7a8728d057d]
[SQL_LOG:2024-01-05 16:56:50]: SELECT  tmp_user_id, email, token, expires FROM  tmp_users  WHERE  token = ?      [cbc829e3724814d2c1d9b7a8728d057d]
[SQL_LOG:2024-01-05 16:56:55]: SELECT  tmp_user_id, email, token, expires FROM  tmp_users  WHERE  token = ?      [cbc829e3724814d2c1d9b7a8728d057d]
[SQL_LOG:2024-01-05 17:00:47]: SELECT  tmp_user_id, email, token, expires FROM  tmp_users  WHERE  token = ?      [cbc829e3724814d2c1d9b7a8728d057d]
[SQL_LOG:2024-01-05 17:13:24]: INSERT INTO users (user_name,email,password,user_image) VALUES (?,?,?,?) [testuser,koruri821@yahoo.co.jp,$2y$10$mzZ3JN2budpfGOQmqk/fD.y/f.yUfeuJmeOdPiLaqyh5W7Csqzl5C,]
[SQL_LOG:2024-01-05 17:14:58]: SELECT  tmp_user_id, email, token, expires FROM  tmp_users  WHERE  token = ?      [cbc829e3724814d2c1d9b7a8728d057d]
[SQL_LOG:2024-01-09 09:01:32]: INSERT INTO tmp_users (email,token,expires) VALUES (?,?,?) [koruri821@yahoo.co.jp,fc26a83b1e3afffac243ba3cb38e419b,2024-01-09 09:16:32]
[SQL_LOG:2024-01-09 09:02:00]: SELECT  tmp_user_id, email, token, expires FROM  tmp_users  WHERE  token = ?      [fc26a83b1e3afffac243ba3cb38e419b]
[SQL_LOG:2024-01-09 09:02:17]: INSERT INTO users (user_name,email,password,user_image) VALUES (?,?,?,?) [user888,koruri821@yahoo.co.jp,$2y$10$v6qU0dFE9iB2lA8NMddF2OZy.pGRo1u2KndP6cqneHWsHNBpL6mMu,]
[SQL_LOG:2024-01-09 09:02:26]: SELECT  tmp_user_id, email, token, expires FROM  tmp_users  WHERE  token = ?      [fc26a83b1e3afffac243ba3cb38e419b]
[SQL_LOG:2024-01-09 10:53:51]: SELECT  user_id, user_name, email, password, user_image FROM  users  WHERE  email = ?     [koruri821@yahoo.co.jp]
[SQL_LOG:2024-01-09 10:55:53]: SELECT  user_id, user_name, email, password, user_image FROM  users  WHERE  email = ?     [koruri821@yahoo.co.jp]
[SQL_LOG:2024-01-09 10:56:02]: SELECT  user_id, user_name, email, password, user_image FROM  users  WHERE  email = ?     [koruri821@yahoo.co.jp]
[SQL_LOG:2024-01-09 10:56:02]: SELECT  html_tag, css_content FROM  icons        []
[SQL_LOG:2024-01-09 14:28:30]: SELECT     i.html_tag,
    e.wallet_id,
    e.option,
    e.amount,
    e.date,
    e.other,
    c.category_id,
    c.category_nameFROM  money_events   INNER JOIN  categories c  ON  c.category_id = e.category_id    INNER JOIN  icons i  ON  c.icon_id = i.icon_id         []
[SQL_LOG:2024-01-09 14:29:26]: SELECT     i.html_tag,
    e.wallet_id,
    e.option,
    e.amount,
    e.date,
    e.other,
    c.category_id,
    c.category_nameFROM  money_events   INNER JOIN  categories c  ON  c.category_id = e.category_id    INNER JOIN  icons i  ON  c.icon_id = i.icon_id         []
[SQL_LOG:2024-01-09 14:29:33]: SELECT     i.html_tag,
    e.wallet_id,
    e.option,
    e.amount,
    e.date,
    e.other,
    c.category_id,
    c.category_nameFROM  money_events   INNER JOIN  categories c  ON  c.category_id = e.category_id    INNER JOIN  icons i  ON  c.icon_id = i.icon_id         []
[SQL_LOG:2024-01-09 14:29:44]: SELECT     i.html_tag,
    e.wallet_id,
    e.option,
    e.amount,
    e.date,
    e.other,
    c.category_id,
    c.category_name FROM  money_events   INNER JOIN  categories c  ON  c.category_id = e.category_id    INNER JOIN  icons i  ON  c.icon_id = i.icon_id         []
[SQL_LOG:2024-01-09 14:31:29]: SELECT     i.html_tag,
    e.wallet_id,
    e.option,
    e.amount,
    e.date,
    e.other,
    c.category_id,
    c.category_name FROM  money_events e   INNER JOIN  categories c  ON  c.category_id = e.category_id    INNER JOIN  icons i  ON  c.icon_id = i.icon_id         []
[SQL_LOG:2024-01-09 14:31:49]: SELECT     i.html_tag,
    e.wallet_id,
    e.option,
    e.amount,
    e.date,
    e.other,
    c.category_id,
    c.category_name FROM  money_events e   INNER JOIN  categories c  ON  c.category_id = e.category_id    INNER JOIN  icons i  ON  c.icon_id = i.icon_id         []
[SQL_LOG:2024-01-09 14:32:29]: SELECT     i.html_tag,
    e.wallet_id,
    e.option,
    e.amount,
    e.date,
    e.other,
    c.category_id,
    c.category_name FROM  money_events e   INNER JOIN  categories c  ON  c.category_id = e.category_id    INNER JOIN  icons i  ON  c.icon_id = i.icon_id         []
[SQL_LOG:2024-01-09 14:32:37]: SELECT     i.html_tag,
    e.wallet_id,
    e.option,
    e.amount,
    e.date,
    e.other,
    c.category_id,
    c.category_name FROM  money_events e   INNER JOIN  categories c  ON  c.category_id = e.category_id    INNER JOIN  icons i  ON  c.icon_id = i.icon_id         []
[SQL_LOG:2024-01-09 17:19:57]: SELECT  user_id, user_name, email, password, user_image FROM  users   WHERE  email = ?     [koruri821@gmail.com]
[SQL_LOG:2024-01-09 17:20:12]: SELECT  user_id, user_name, email, password, user_image FROM  users   WHERE  email = ?     [test1@example.com]
[SQL_LOG:2024-01-09 17:23:19]: SELECT  user_id, user_name, email, password, user_image FROM  users   WHERE  email = ?     [test888@example.com]
[SQL_LOG:2024-01-09 17:23:31]: INSERT INTO tmp_users (email,token,expires) VALUES (?,?,?) [koruri821@yahoo.co.jp,7954fe72b61c6eae98045fefbcd61d93,2024-01-09 17:38:31]
[SQL_LOG:2024-01-09 17:37:31]: INSERT INTO tmp_users (email,token,expires) VALUES (?,?,?) [koruri821@yahoo.co.jp,36056736a75e139ec3f1944d8488b265,2024-01-09 17:52:31]
[SQL_LOG:2024-01-09 17:38:09]: SELECT  tmp_user_id, email, token, expires FROM  tmp_users   WHERE  token = ?      [36056736a75e139ec3f1944d8488b265]
[SQL_LOG:2024-01-09 17:38:16]: INSERT INTO users (user_name,email,password,user_image) VALUES (?,?,?,?) [user888,koruri821@yahoo.co.jp,$2y$10$uGho8H/AqeqSccSjPQe9z.1N8zShQVFaLxHVMz5tDJFHe81LuE6iq,]
[SQL_LOG:2024-01-09 17:38:55]: SELECT  user_id, user_name, email, password, user_image FROM  users   WHERE  email = ?     [test888@example.com]
[SQL_LOG:2024-01-09 17:39:03]: SELECT  user_id, user_name, email, password, user_image FROM  users   WHERE  email = ?     [koruri821@yahoo.co.jp]
[SQL_LOG:2024-01-09 17:39:23]: SELECT  user_id, user_name, email, password, user_image FROM  users   WHERE  email = ?     [koruri821@yahoo.co.jp]
[SQL_LOG:2024-01-09 17:40:03]: SELECT  user_id, user_name, email, password, user_image FROM  users   WHERE  email = ?     [test1@example.com]
[SQL_LOG:2024-01-09 17:40:11]: SELECT  user_id, user_name, email, password, user_image FROM  users   WHERE  email = ?     [test888@example.com]
[SQL_LOG:2024-01-09 17:49:20]: SELECT  user_id, user_name, email, password, user_image FROM  users   WHERE  email = ?     [test1@example.com]
[SQL_LOG:2024-01-09 17:50:56]: SELECT  user_id, user_name, email, password, user_image FROM  users   WHERE  email = ?     [test1@example.com]
[SQL_LOG:2024-01-09 17:51:01]: SELECT  user_id, user_name, email, password, user_image FROM  users   WHERE  email = ?     [test1@example.com]
[SQL_LOG:2024-01-09 17:51:15]: SELECT  user_id, user_name, email, password, user_image FROM  users   WHERE  email = ?     [test1@example.com]
[SQL_LOG:2024-01-09 17:56:38]: SELECT  user_id, user_name, email, password, user_image FROM  users   WHERE  email = ?     [test1@example.com]
[SQL_LOG:2024-01-09 17:56:43]: SELECT  user_id, user_name, email, password, user_image FROM  users   WHERE  email = ?     [test1@example.com]
[SQL_LOG:2024-01-09 18:00:34]: SELECT  user_id, user_name, email, password, user_image FROM  users   WHERE  email = ?     [test1@example.com]
[SQL_LOG:2024-01-09 18:02:46]: SELECT  user_id, user_name, email, password, user_image FROM  users   WHERE  email = ?     ['test1@example.com']
[SQL_LOG:2024-01-09 18:02:50]: SELECT  user_id, user_name, email, password, user_image FROM  users   WHERE  email = ?     ['test1@example.com']
[SQL_LOG:2024-01-09 18:02:56]: SELECT  user_id, user_name, email, password, user_image FROM  users   WHERE  email = ?     ['test1@example.com']
[SQL_LOG:2024-01-09 18:03:05]: SELECT  user_id, user_name, email, password, user_image FROM  users   WHERE  email = ?     ['test1@example.com']
[SQL_LOG:2024-01-09 18:03:08]: SELECT  user_id, user_name, email, password, user_image FROM  users   WHERE  email = ?     ['test1@example.com']
[SQL_LOG:2024-01-09 18:21:38]: SELECT  user_id, user_name, email, password, user_image FROM  users   WHERE  email = ?     ['test1@example.com']
[SQL_LOG:2024-01-10 09:36:58]: SELECT  user_id, user_name, email, password, user_image FROM  users   WHERE  email = ?     ['test1@example.com']
[SQL_LOG:2024-01-10 09:37:46]: SELECT  user_id, user_name, email, password, user_image FROM  users   WHERE  email = ?     ['test1@example.com']
[SQL_LOG:2024-01-10 09:38:04]: SELECT  user_id, user_name, email, password, user_image FROM  users   WHERE  email = ?     ['test1@example.com']
[SQL_LOG:2024-01-10 09:39:58]: SELECT  user_id, user_name, email, password, user_image FROM  users   WHERE  email = ?     ['test1@example.com']
[SQL_LOG:2024-01-10 09:42:13]: SELECT  user_id, user_name, email, password, user_image FROM  users   WHERE  email = ?     ['test1@example.com']
[SQL_LOG:2024-01-10 09:42:52]: SELECT  user_id, user_name, email, password, user_image FROM  users   WHERE  email = ?     [test1@example.com]
[SQL_LOG:2024-01-10 09:42:58]: SELECT  user_id, user_name, email, password, user_image FROM  users   WHERE  email = ?     [test1@example.com]
[SQL_LOG:2024-01-10 09:44:38]: SELECT  user_id, user_name, email, password, user_image FROM  users   WHERE  email = ?     ['test1@example.com']
[SQL_LOG:2024-01-10 09:44:51]: SELECT  user_id, user_name, email, password, user_image FROM  users   WHERE  email = ?     [test1@example.com]
[SQL_LOG:2024-01-10 09:48:51]: SELECT  user_id, user_name, email, password, user_image FROM  users   WHERE  email = ?     [test1@example.com]
[SQL_LOG:2024-01-10 09:49:53]: SELECT  user_id, user_name, email, password, user_image FROM  users   WHERE  email = ?     [test1@example.com]
[SQL_LOG:2024-01-10 09:50:02]: SELECT  user_id, user_name, email, password, user_image FROM  users   WHERE  email = ?     [test1@example.com]
[SQL_LOG:2024-01-10 09:52:00]: SELECT  user_id, user_name, email, password, user_image FROM  users   WHERE  email = ?     [test1@example.com]
[SQL_LOG:2024-01-10 09:59:32]: SELECT  user_id, user_name, email, password, user_image FROM  users   WHERE  email = ?     [test1@example.com]
[SQL_LOG:2024-01-10 09:59:51]: SELECT  user_id, user_name, email, password, user_image FROM  users   WHERE  email = ?     [test888@example.com]
[SQL_LOG:2024-01-10 10:01:05]: SELECT  user_id, user_name, email, password, user_image FROM  users   WHERE  email = ?     [test888@example.com]
[SQL_LOG:2024-01-10 10:01:09]: SELECT  user_id, user_name, email, password, user_image FROM  users   WHERE  email = ?     [test888@example.com]
[SQL_LOG:2024-01-10 10:01:39]: SELECT  user_id, user_name, email, password, user_image FROM  users   WHERE  email = ?     [test888@example.com]
[SQL_LOG:2024-01-10 10:05:20]: SELECT     c.category_id,
    c.category_name,
    c.item_order,
    c.icon_id,
    c.icon_color,
    i.html_tag,FROM  categories c   INNER JOIN  icons i ON i.icon_id = c.icon_id   WHERE  user_id = ?      [5]
[SQL_LOG:2024-01-10 10:06:40]: SELECT     c.category_id,
    c.category_name,
    c.item_order,
    c.icon_id,
    c.icon_color,
    i.html_tag,FROM  categories c   INNER JOIN  icons i ON i.icon_id = c.icon_id   WHERE  user_id = ?      [5]
[SQL_LOG:2024-01-10 10:07:39]: SELECT     c.category_id,
    c.category_name,
    c.item_order,
    c.icon_id,
    c.icon_color,
    i.html_tag,FROM  categories c   INNER JOIN  icons i ON i.icon_id = c.icon_id   WHERE  user_id = ?      [5]
[SQL_LOG:2024-01-10 10:08:38]: SELECT     c.category_id,
    c.category_name,
    c.item_order,
    c.icon_id,
    c.icon_color,
    i.html_tag,FROM  categories c   INNER JOIN  icons i ON i.icon_id = c.icon_id   WHERE  user_id = ?      [1]
[SQL_LOG:2024-01-10 10:09:14]: SELECT     c.category_id,
    c.category_name,
    c.item_order,
    c.icon_id,
    c.icon_color,
    i.html_tag,
    FROM  categories c   INNER JOIN  icons i ON i.icon_id = c.icon_id   WHERE  user_id = ?      [1]
[SQL_LOG:2024-01-10 10:09:20]: SELECT     c.category_id,
    c.category_name,
    c.item_order,
    c.icon_id,
    c.icon_color,
    i.html_tag, FROM  categories c   INNER JOIN  icons i ON i.icon_id = c.icon_id   WHERE  user_id = ?      [1]
[SQL_LOG:2024-01-10 10:12:25]: SELECT     c.category_id,
    c.category_name,
    c.item_order,
    c.icon_id,
    c.icon_color,
    i.html_tag FROM  categories c   INNER JOIN  icons i ON i.icon_id = c.icon_id   WHERE  user_id = ?      [1]
[SQL_LOG:2024-01-10 10:16:08]: SELECT     c.category_id,
    c.category_name,
    c.item_order,
    c.icon_id,
    c.icon_color,
    i.html_tag FROM  categories c   INNER JOIN  icons i ON i.icon_id = c.icon_id   WHERE  user_id = ?      [1]
[SQL_LOG:2024-01-10 10:19:48]: SELECT     c.category_id,
    c.category_name,
    c.item_order,
    c.icon_id,
    c.icon_color,
    i.html_tag FROM  categories c   INNER JOIN  icons i ON i.icon_id = c.icon_id   WHERE  user_id = ?      [1]
[SQL_LOG:2024-01-10 10:20:26]: SELECT     c.category_id,
    c.category_name,
    c.item_order,
    c.icon_id,
    c.icon_color,
    i.html_tag FROM  categories c   INNER JOIN  icons i ON i.icon_id = c.icon_id   WHERE  user_id = ?      [1]
[SQL_LOG:2024-01-10 10:21:08]: SELECT     c.category_id,
    c.category_name,
    c.item_order,
    c.icon_id,
    c.icon_color,
    i.html_tag FROM  categories c   INNER JOIN  icons i ON i.icon_id = c.icon_id   WHERE  user_id = ?      [1]
[SQL_LOG:2024-01-10 10:24:44]: SELECT     c.category_id,
    c.category_name,
    c.item_order,
    c.icon_id,
    c.icon_color,
    i.html_tag FROM  categories c   INNER JOIN  icons i ON i.icon_id = c.icon_id   WHERE  user_id = ?      [1]
[SQL_LOG:2024-01-10 10:31:23]: SELECT     c.category_id,
    c.category_name,
    c.item_order,
    c.icon_id,
    c.icon_color,
    i.html_tag FROM  categories c   INNER JOIN  icons i ON i.icon_id = c.icon_id   WHERE  user_id = ?      [1]
[SQL_LOG:2024-01-10 10:32:55]: SELECT     c.category_id,
    c.category_name,
    c.item_order,
    c.icon_id,
    c.icon_color,
    i.html_tag FROM  categories c   INNER JOIN  icons i ON i.icon_id = c.icon_id   WHERE  user_id = ?      [1]
[SQL_LOG:2024-01-10 10:36:23]: SELECT     c.category_id,
    c.category_name,
    c.item_order,
    c.icon_id,
    c.icon_color,
    i.html_tag FROM  categories c   INNER JOIN  icons i ON i.icon_id = c.icon_id   WHERE  user_id = ?      [1]
[SQL_LOG:2024-01-10 10:39:33]: SELECT     c.category_id,
    c.category_name,
    c.item_order,
    c.icon_id,
    c.icon_color,
    i.html_tag FROM  categories c   INNER JOIN  icons i ON i.icon_id = c.icon_id   WHERE  user_id = ?      [1]
[SQL_LOG:2024-01-10 11:22:29]: SELECT *FROM money_events  WHERE  user_id = ? AND date BETWEEN 2024-0-01 00:00:00 AND LAST_DAY(2024-0-01 00:00:00)      [1]
[SQL_LOG:2024-01-10 11:23:38]: SELECT *FROM money_events  WHERE  user_id = ? AND date BETWEEN 2024-0-01 00:00:00 AND LAST_DAY(2024-0-01 00:00:00)      [1]
[SQL_LOG:2024-01-10 11:24:25]: SELECT *FROM money_events  WHERE  user_id = ? AND date BETWEEN 2024-01-01 00:00:00 AND LAST_DAY(2024-01-01 00:00:00)      [1]
[SQL_LOG:2024-01-10 11:24:42]: SELECT *FROM money_events  WHERE  user_id = ? AND date BETWEEN 2024-0-01 00:00:00 AND LAST_DAY(2024-0-01 00:00:00)      [1]
[SQL_LOG:2024-01-10 11:25:09]: SELECT *FROM money_events  WHERE  user_id = ? AND date BETWEEN 2024-0-01 00:00:00 AND LAST_DAY(2024-0-01 00:00:00)      [1]
[SQL_LOG:2024-01-10 11:25:22]: SELECT *FROM money_events  WHERE  user_id = ? AND date BETWEEN 2024-0-02 00:00:00 AND LAST_DAY(2024-0-02 00:00:00)      [1]
[SQL_LOG:2024-01-10 11:26:39]: SELECT *FROM money_events  WHERE  user_id = ? AND date BETWEEN 2024-0-01 00:00:00 AND LAST_DAY(2024-0-01 00:00:00)      [1]
[SQL_LOG:2024-01-10 11:27:04]: SELECT *FROM money_events  WHERE  user_id = ? AND date BETWEEN 2024-01-01 00:00:00 AND LAST_DAY(2024-01-01 00:00:00)      [1]
[SQL_LOG:2024-01-10 11:27:21]: SELECT *FROM money_events  WHERE  user_id = ? AND date BETWEEN 2024-01-01 00:00:00 AND LAST_DAY(2024-01-01 00:00:00)      [1]
[SQL_LOG:2024-01-10 11:28:23]: SELECT *FROM money_events  WHERE  user_id = ? AND date BETWEEN "2024-01-01 00:00:00" AND LAST_DAY("2024-01-01 00:00:00")      [1]
[SQL_LOG:2024-01-10 11:28:23]: SELECT     c.category_id,
    c.category_name,
    c.item_order,
    c.icon_id,
    c.icon_color,
    i.html_tag FROM  categories c   INNER JOIN  icons i ON i.icon_id = c.icon_id   WHERE  user_id = ?      [1]
[SQL_LOG:2024-01-10 11:39:30]: SELECT     m.event_id,
    m.category_id,
    c. category_name,
    m.wallet_id,
    w.wallet_name,
    w.icon_id AS w_icon_id,
    i.html_tag AS w_html,
    m.option,
    m.amount,
    m.dateFROM money_events m  INNER JOIN  categories c  ON  m.category_id = c.category_id    INNER JOIN  icons i  ON  w.icon_id = w.icon_id    INNER JOIN  wallets w  ON  m.wallet_id = w.wallet_id    INNER JOIN  icons i  ON  w.icon_id = w.icon_id   WHERE  user_id = ? AND date BETWEEN "2024-01-01 00:00:00" AND LAST_DAY("2024-01-01 00:00:00")      [1]
[SQL_LOG:2024-01-10 11:40:19]: SELECT     m.event_id,
    m.category_id,
    c. category_name,
    m.wallet_id,
    w.wallet_name,
    w.icon_id AS w_icon_id,
    i.html_tag AS w_html,
    m.option,
    m.amount,
    m.date FROM money_events m  INNER JOIN  categories c  ON  m.category_id = c.category_id    INNER JOIN  icons i  ON  w.icon_id = w.icon_id    INNER JOIN  wallets w  ON  m.wallet_id = w.wallet_id    INNER JOIN  icons i  ON  w.icon_id = w.icon_id   WHERE  user_id = ? AND date BETWEEN "2024-01-01 00:00:00" AND LAST_DAY("2024-01-01 00:00:00")      [1]
[SQL_LOG:2024-01-10 11:41:42]: SELECT     m.event_id,
    m.category_id,
    c. category_name,
    m.wallet_id,
    w.wallet_name,
    w.icon_id AS w_icon_id,
    i.html_tag AS w_html,
    m.option,
    m.amount,
    m.date FROM money_events m  INNER JOIN  categories c  ON  m.category_id = c.category_id    INNER JOIN  icons i1  ON  w.icon_id = w.icon_id    INNER JOIN  wallets w  ON  m.wallet_id = w.wallet_id    INNER JOIN  icons i2  ON  w.icon_id = w.icon_id   WHERE  user_id = ? AND date BETWEEN "2024-01-01 00:00:00" AND LAST_DAY("2024-01-01 00:00:00")      [1]
[SQL_LOG:2024-01-10 11:43:12]: SELECT     m.event_id, 
    m.category_id, 
    c. category_name,
    c.icon_id AS c_icon_id,
    i1.html_tag AS c_html,
    m.wallet_id, 
    w.wallet_name, 
    w.icon_id AS w_icon_id, 
    i2.html_tag AS w_html, 
    m.option, m.amount, 
    m.date FROM money_events m  INNER JOIN  categories c  ON  m.category_id = c.category_id    INNER JOIN  icons i1  ON  w.icon_id = w.icon_id    INNER JOIN  wallets w  ON  m.wallet_id = w.wallet_id    INNER JOIN  icons i2  ON  w.icon_id = w.icon_id   WHERE  user_id = ? AND date BETWEEN "2024-01-01 00:00:00" AND LAST_DAY("2024-01-01 00:00:00")      [1]
[SQL_LOG:2024-01-10 11:46:57]: SELECT     e.event_id, 
    e.category_id, 
    c.category_name,
    c.icon_id AS c_icon_id,
    i1.html_tag AS c_html,
    e.wallet_id, 
    w.wallet_name, 
    w.icon_id AS w_icon_id, 
    i2.html_tag AS w_html, 
    e.option,
    e.amount, 
    e.date FROM money_events m  INNER JOIN  categories c  ON  e.category_id = c.category_id    INNER JOIN  wallets w  ON  e.wallet_id = w.wallet_id    INNER JOIN  icons i1  ON  w.icon_id = i1.icon_id    INNER JOIN  icons i2  ON  w.icon_id = w.icon_id   WHERE  e.user_id = ? AND date BETWEEN "2024-01-01 00:00:00" AND LAST_DAY("2024-01-01 00:00:00")      [1]
[SQL_LOG:2024-01-10 11:48:46]: SELECT     e.event_id, 
    e.category_id, 
    c.category_name,
    c.icon_id AS c_icon_id,
    i1.html_tag AS c_html,
    e.wallet_id, 
    w.wallet_name, 
    w.icon_id AS w_icon_id, 
    i2.html_tag AS w_html, 
    e.option,
    e.amount, 
    e.date FROM money_events e  INNER JOIN  categories c  ON  e.category_id = c.category_id    INNER JOIN  wallets w  ON  e.wallet_id = w.wallet_id    INNER JOIN  icons i1  ON  w.icon_id = i1.icon_id    INNER JOIN  icons i2  ON  w.icon_id = w.icon_id   WHERE  e.user_id = ? AND date BETWEEN "2024-01-01 00:00:00" AND LAST_DAY("2024-01-01 00:00:00")      [1]
[SQL_LOG:2024-01-10 11:48:46]: SELECT     c.category_id,
    c.category_name,
    c.item_order,
    c.icon_id,
    c.icon_color,
    i.html_tag FROM  categories c   INNER JOIN  categories c  ON  e.category_id = c.category_id    INNER JOIN  wallets w  ON  e.wallet_id = w.wallet_id    INNER JOIN  icons i1  ON  w.icon_id = i1.icon_id    INNER JOIN  icons i2  ON  w.icon_id = w.icon_id    INNER JOIN  icons i ON i.icon_id = c.icon_id   WHERE  user_id = ?      [1]
[SQL_LOG:2024-01-10 11:49:58]: SELECT     e.event_id, 
    e.category_id, 
    c.category_name,
    c.icon_id AS c_icon_id,
    i1.html_tag AS c_html,
    e.wallet_id, 
    w.wallet_name, 
    w.icon_id AS w_icon_id, 
    i2.html_tag AS w_html, 
    e.option,
    e.amount, 
    e.date FROM money_events e  INNER JOIN  categories c  ON  e.category_id = c.category_id    INNER JOIN  wallets w  ON  e.wallet_id = w.wallet_id    INNER JOIN  icons i1  ON  w.icon_id = i1.icon_id    INNER JOIN  icons i2  ON  w.icon_id = w.icon_id   WHERE  e.user_id = ? AND date BETWEEN "2024-01-01 00:00:00" AND LAST_DAY("2024-01-01 00:00:00")      [1]
[SQL_LOG:2024-01-10 11:49:58]: SELECT     c.category_id,
    c.category_name,
    c.item_order,
    c.icon_id,
    c.icon_color,
    i.html_tag FROM  categories c   INNER JOIN  categories c  ON  e.category_id = c.category_id    INNER JOIN  wallets w  ON  e.wallet_id = w.wallet_id    INNER JOIN  icons i1  ON  w.icon_id = i1.icon_id    INNER JOIN  icons i2  ON  w.icon_id = w.icon_id    INNER JOIN  icons i ON i.icon_id = c.icon_id   WHERE  user_id = ?      [1]
[SQL_LOG:2024-01-10 11:57:11]: SELECT     e.event_id, 
    e.category_id, 
    c.category_name,
    c.icon_id AS c_icon_id,
    i1.html_tag AS c_html,
    i1.icon_color AS c_icon_color,
    e.wallet_id, 
    w.wallet_name, 
    w.icon_id AS w_icon_id, 
    i2.html_tag AS w_html, 
    i2.icon_color AS w_icon_color,
    e.option,
    e.amount, 
    e.date FROM money_events e  INNER JOIN  categories c  ON  e.category_id = c.category_id    INNER JOIN  wallets w  ON  e.wallet_id = w.wallet_id    INNER JOIN  icons i1  ON  w.icon_id = i1.icon_id    INNER JOIN  icons i2  ON  w.icon_id = w.icon_id   WHERE  e.user_id = ? AND date BETWEEN "2024-01-01 00:00:00" AND LAST_DAY("2024-01-01 00:00:00")      [1]
[SQL_LOG:2024-01-10 11:58:10]: SELECT     e.event_id, 
    e.category_id, 
    c.category_name,
    c.icon_id AS c_icon_id,
    i1.html_tag AS c_html,
    c.icon_color AS c_icon_color,
    e.wallet_id, 
    w.wallet_name, 
    w.icon_id AS w_icon_id, 
    i2.html_tag AS w_html, 
    w.icon_color AS w_icon_color,
    e.option,
    e.amount, 
    e.date FROM money_events e  INNER JOIN  categories c  ON  e.category_id = c.category_id    INNER JOIN  wallets w  ON  e.wallet_id = w.wallet_id    INNER JOIN  icons i1  ON  w.icon_id = i1.icon_id    INNER JOIN  icons i2  ON  w.icon_id = w.icon_id   WHERE  e.user_id = ? AND date BETWEEN "2024-01-01 00:00:00" AND LAST_DAY("2024-01-01 00:00:00")      [1]
[SQL_LOG:2024-01-10 11:58:10]: SELECT     c.category_id,
    c.category_name,
    c.item_order,
    c.icon_id,
    c.icon_color,
    i.html_tag FROM  categories c   INNER JOIN  categories c  ON  e.category_id = c.category_id    INNER JOIN  wallets w  ON  e.wallet_id = w.wallet_id    INNER JOIN  icons i1  ON  w.icon_id = i1.icon_id    INNER JOIN  icons i2  ON  w.icon_id = w.icon_id    INNER JOIN  icons i ON i.icon_id = c.icon_id   WHERE  user_id = ?      [1]
[SQL_LOG:2024-01-10 11:58:47]: SELECT     e.event_id, 
    e.category_id, 
    c.category_name,
    c.icon_id AS c_icon_id,
    i1.html_tag AS c_html,
    c.icon_color AS c_icon_color,
    e.wallet_id, 
    w.wallet_name, 
    w.icon_id AS w_icon_id, 
    i2.html_tag AS w_html, 
    w.icon_color AS w_icon_color,
    e.option,
    e.amount, 
    e.date FROM money_events e  INNER JOIN  categories c  ON  e.category_id = c.category_id    INNER JOIN  wallets w  ON  e.wallet_id = w.wallet_id    INNER JOIN  icons i1  ON  w.icon_id = i1.icon_id    INNER JOIN  icons i2  ON  w.icon_id = w.icon_id   WHERE  e.user_id = ? AND date BETWEEN "2024-01-01 00:00:00" AND LAST_DAY("2024-01-01 00:00:00")      [1]
[SQL_LOG:2024-01-10 11:58:47]: SELECT     c.category_id,
    c.category_name,
    c.item_order,
    c.icon_id,
    c.icon_color,
    i.html_tag FROM  categories c   INNER JOIN  categories c  ON  e.category_id = c.category_id    INNER JOIN  wallets w  ON  e.wallet_id = w.wallet_id    INNER JOIN  icons i1  ON  w.icon_id = i1.icon_id    INNER JOIN  icons i2  ON  w.icon_id = w.icon_id    INNER JOIN  icons i ON i.icon_id = c.icon_id   WHERE  user_id = ?      [1]
[SQL_LOG:2024-01-10 12:01:38]: SELECT     e.event_id, 
    e.category_id, 
    c.category_name,
    c.icon_id AS c_icon_id,
    i1.html_tag AS c_html,
    c.icon_color AS c_icon_color,
    e.wallet_id, 
    w.wallet_name, 
    w.icon_id AS w_icon_id, 
    i2.html_tag AS w_html, 
    w.icon_color AS w_icon_color,
    e.option,
    e.amount, 
    e.date FROM money_events e  INNER JOIN  categories c  ON  e.category_id = c.category_id    INNER JOIN  wallets w  ON  e.wallet_id = w.wallet_id    INNER JOIN  icons i1  ON  w.icon_id = i1.icon_id    INNER JOIN  icons i2  ON  w.icon_id = w.icon_id   WHERE  e.user_id = ? AND date BETWEEN "2024-01-01 00:00:00" AND LAST_DAY("2024-01-01 00:00:00")      [1]
[SQL_LOG:2024-01-10 12:01:38]: SELECT     c.category_id,
    c.category_name,
    c.item_order,
    c.icon_id,
    c.icon_color,
    i.html_tag FROM  categories c   INNER JOIN  categories c  ON  e.category_id = c.category_id    INNER JOIN  wallets w  ON  e.wallet_id = w.wallet_id    INNER JOIN  icons i1  ON  w.icon_id = i1.icon_id    INNER JOIN  icons i2  ON  w.icon_id = w.icon_id    INNER JOIN  icons i ON i.icon_id = c.icon_id   WHERE  user_id = ?      [1]
[SQL_LOG:2024-01-10 12:02:00]: SELECT     e.event_id, 
    e.category_id, 
    c.category_name,
    c.icon_id AS c_icon_id,
    i1.html_tag AS c_html,
    c.icon_color AS c_icon_color,
    e.wallet_id, 
    w.wallet_name, 
    w.icon_id AS w_icon_id, 
    i2.html_tag AS w_html, 
    w.icon_color AS w_icon_color,
    e.option,
    e.amount, 
    e.date FROM money_events e  INNER JOIN  categories c  ON  e.category_id = c.category_id    INNER JOIN  wallets w  ON  e.wallet_id = w.wallet_id    INNER JOIN  icons i1  ON  w.icon_id = i1.icon_id    INNER JOIN  icons i2  ON  w.icon_id = w.icon_id   WHERE  e.user_id = ? AND date BETWEEN "2024-01-01 00:00:00" AND LAST_DAY("2024-01-01 00:00:00")      [1]
[SQL_LOG:2024-01-10 12:02:00]: SELECT     c.category_id,
    c.category_name,
    c.item_order,
    c.icon_id,
    c.icon_color,
    i.html_tag FROM  categories c   INNER JOIN  categories c  ON  e.category_id = c.category_id    INNER JOIN  wallets w  ON  e.wallet_id = w.wallet_id    INNER JOIN  icons i1  ON  w.icon_id = i1.icon_id    INNER JOIN  icons i2  ON  w.icon_id = w.icon_id    INNER JOIN  icons i ON i.icon_id = c.icon_id   WHERE  user_id = ?      [1]
[SQL_LOG:2024-01-10 12:02:53]: SELECT     e.event_id, 
    e.category_id, 
    c.category_name,
    c.icon_id AS c_icon_id,
    i1.html_tag AS c_html,
    c.icon_color AS c_icon_color,
    e.wallet_id, 
    w.wallet_name, 
    w.icon_id AS w_icon_id, 
    i2.html_tag AS w_html, 
    w.icon_color AS w_icon_color,
    e.option,
    e.amount, 
    e.date FROM money_events e  INNER JOIN  categories c  ON  e.category_id = c.category_id    INNER JOIN  wallets w  ON  e.wallet_id = w.wallet_id    INNER JOIN  icons i1  ON  w.icon_id = i1.icon_id    INNER JOIN  icons i2  ON  w.icon_id = w.icon_id   WHERE  e.user_id = ? AND date BETWEEN "2024-01-01 00:00:00" AND LAST_DAY("2024-01-01 00:00:00")      [1]
[SQL_LOG:2024-01-10 12:02:53]: SELECT     c.category_id,
    c.category_name,
    c.item_order,
    c.icon_id,
    c.icon_color,
    i.html_tag FROM  categories c   INNER JOIN  icons i ON i.icon_id = c.icon_id   WHERE  user_id = ?      [1]
[SQL_LOG:2024-01-10 12:05:01]: SELECT     e.event_id, 
    e.category_id, 
    c.category_name,
    c.icon_id AS c_icon_id,
    i1.html_tag AS c_html,
    c.icon_color AS c_icon_color,
    e.wallet_id, 
    w.wallet_name, 
    w.icon_id AS w_icon_id, 
    i2.html_tag AS w_html, 
    w.icon_color AS w_icon_color,
    e.option,
    e.amount, 
    e.date FROM money_events e  INNER JOIN  categories c  ON  e.category_id = c.category_id    INNER JOIN  wallets w  ON  e.wallet_id = w.wallet_id    INNER JOIN  icons i1  ON  w.icon_id = i1.icon_id    INNER JOIN  icons i2  ON  w.icon_id = w.icon_id   WHERE  e.user_id = ? AND date BETWEEN "2024-01-01 00:00:00" AND LAST_DAY("2024-01-01 00:00:00")      [1]
[SQL_LOG:2024-01-10 12:05:01]: SELECT     c.category_id,
    c.category_name,
    c.item_order,
    c.icon_id,
    c.icon_color,
    i.html_tag FROM  categories c   INNER JOIN  icons i ON i.icon_id = c.icon_id   WHERE  user_id = ?      [1]
[SQL_LOG:2024-01-10 12:05:10]: SELECT     e.event_id, 
    e.category_id, 
    c.category_name,
    c.icon_id AS c_icon_id,
    i1.html_tag AS c_html,
    c.icon_color AS c_icon_color,
    e.wallet_id, 
    w.wallet_name, 
    w.icon_id AS w_icon_id, 
    i2.html_tag AS w_html, 
    w.icon_color AS w_icon_color,
    e.option,
    e.amount, 
    e.date FROM money_events e  INNER JOIN  categories c  ON  e.category_id = c.category_id    INNER JOIN  wallets w  ON  e.wallet_id = w.wallet_id    INNER JOIN  icons i1  ON  w.icon_id = i1.icon_id    INNER JOIN  icons i2  ON  w.icon_id = w.icon_id   WHERE  e.user_id = ? AND date BETWEEN "2024-01-01 00:00:00" AND LAST_DAY("2024-01-01 00:00:00")      [1]
[SQL_LOG:2024-01-10 12:05:10]: SELECT     c.category_id,
    c.category_name,
    c.item_order,
    c.icon_id,
    c.icon_color,
    i.html_tag FROM  categories c   INNER JOIN  icons i ON i.icon_id = c.icon_id   WHERE  user_id = ?      [1]
[SQL_LOG:2024-01-10 12:12:35]: SELECT     e.event_id, 
    e.category_id, 
    c.category_name,
    c.icon_id AS c_icon_id,
    i1.html_tag AS c_html,
    c.icon_color AS c_icon_color,
    e.wallet_id, 
    w.wallet_name, 
    w.icon_id AS w_icon_id, 
    i2.html_tag AS w_html, 
    w.icon_color AS w_icon_color,
    e.option,
    e.amount, 
    e.date FROM money_events e  INNER JOIN  categories c  ON  e.category_id = c.category_id    INNER JOIN  wallets w  ON  e.wallet_id = w.wallet_id    INNER JOIN  icons i1  ON  COALESCE(w.icon_id, 0) = COALESCE(i1.icon_id, 0)    INNER JOIN  icons i2  ON  COALESCE(w.icon_id, 0) = COALESCE(w.icon_id, 0)   WHERE  e.user_id = ? AND date BETWEEN "2024-01-01 00:00:00" AND LAST_DAY("2024-01-01 00:00:00")      [1]
[SQL_LOG:2024-01-10 12:12:35]: SELECT     c.category_id,
    c.category_name,
    c.item_order,
    c.icon_id,
    c.icon_color,
    i.html_tag FROM  categories c   INNER JOIN  icons i ON i.icon_id = c.icon_id   WHERE  user_id = ?      [1]
[SQL_LOG:2024-01-10 12:19:09]: SELECT     e.event_id, 
    e.category_id, 
    c.category_name,
    c.icon_id AS c_icon_id,
    i1.html_tag AS c_html,
    c.icon_color AS c_icon_color,
    e.wallet_id, 
    w.wallet_name, 
    w.icon_id AS w_icon_id, 
    i2.html_tag AS w_html, 
    w.icon_color AS w_icon_color,
    e.option,
    e.amount, 
    e.date FROM money_events e  INNER JOIN  categories c  ON  e.category_id = c.category_id    INNER JOIN  wallets w  ON  e.wallet_id = w.wallet_id    INNER JOIN  icons i1  ON  COALESCE(w.icon_id, 0) = COALESCE(i1.icon_id, 0)    INNER JOIN  icons i2  ON  COALESCE(w.icon_id, 0) = COALESCE(w.icon_id, 0)   WHERE  e.user_id = ? AND date BETWEEN "2024-01-01 00:00:00" AND LAST_DAY("2024-01-01 00:00:00")      [1]
[SQL_LOG:2024-01-10 12:19:09]: SELECT     c.category_id,
    c.category_name,
    c.item_order,
    c.icon_id,
    c.icon_color,
    i.html_tag FROM  categories c   INNER JOIN  icons i ON i.icon_id = c.icon_id   WHERE  user_id = ?      [1]
[SQL_LOG:2024-01-10 12:20:05]: SELECT     e.event_id, 
    e.category_id, 
    c.category_name,
    c.icon_id AS c_icon_id,
    i1.html_tag AS c_html,
    c.icon_color AS c_icon_color,
    e.wallet_id, 
    w.wallet_name, 
    w.icon_id AS w_icon_id, 
    i2.html_tag AS w_html, 
    w.icon_color AS w_icon_color,
    e.option,
    e.amount, 
    e.date FROM money_events e  INNER JOIN  categories c  ON  e.category_id = c.category_id    INNER JOIN  wallets w  ON  e.wallet_id = w.wallet_id    INNER JOIN  icons i1  ON  COALESCE(w.icon_id, 0) = COALESCE(i1.icon_id, 0)    INNER JOIN  icons i2  ON  COALESCE(w.icon_id, 0) = COALESCE(w.icon_id, 0)   WHERE  e.user_id = ? AND date BETWEEN "2024-01-01 00:00:00" AND LAST_DAY("2024-01-01 00:00:00")      [1]
[SQL_LOG:2024-01-10 12:20:05]: SELECT     c.category_id,
    c.category_name,
    c.item_order,
    c.icon_id,
    c.icon_color,
    i.html_tag FROM  categories c   INNER JOIN  icons i ON i.icon_id = c.icon_id   WHERE  user_id = ?      [1]
[SQL_LOG:2024-01-10 12:21:17]: SELECT     e.event_id, 
    e.category_id, 
    c.category_name,
    c.icon_id AS c_icon_id,
    i1.html_tag AS c_html,
    c.icon_color AS c_icon_color,
    e.wallet_id, 
    w.wallet_name, 
    w.icon_id AS w_icon_id, 
    i2.html_tag AS w_html, 
    w.icon_color AS w_icon_color,
    e.option,
    e.amount, 
    e.date FROM money_events e  INNER JOIN  categories c  ON  e.category_id = c.category_id    INNER JOIN  wallets w  ON  e.wallet_id = w.wallet_id    INNER JOIN  icons i1  ON  COALESCE(w.icon_id, 0) = COALESCE(i1.icon_id, 0)    INNER JOIN  icons i2  ON  COALESCE(w.icon_id, 0) = COALESCE(w.icon_id, 0)   WHERE  e.user_id = ? AND date BETWEEN "2024-01-01 00:00:00" AND LAST_DAY("2024-01-01 00:00:00")      [1]
[SQL_LOG:2024-01-10 12:21:17]: SELECT     c.category_id,
    c.category_name,
    c.item_order,
    c.icon_id,
    c.icon_color,
    i.html_tag FROM  categories c   INNER JOIN  icons i ON i.icon_id = c.icon_id   WHERE  user_id = ?      [1]
[SQL_LOG:2024-01-10 12:26:10]: SELECT     e.event_id, 
    e.category_id, 
    c.category_name,
    c.icon_id AS c_icon_id,
    i1.html_tag AS c_html,
    c.icon_color AS c_icon_color,
    e.wallet_id, 
    w.wallet_name, 
    w.icon_id AS w_icon_id, 
    i2.html_tag AS w_html, 
    w.icon_color AS w_icon_color,
    e.option,
    e.amount, 
    e.date FROM money_events e  INNER JOIN  categories c  ON  e.category_id = c.category_id    INNER JOIN  wallets w  ON  e.wallet_id = w.wallet_id    INNER JOIN  icons i1  ON  COALESCE(w.icon_id, 0) = COALESCE(i1.icon_id, 0)    INNER JOIN  icons i2  ON  COALESCE(w.icon_id, 0) = COALESCE(i2.icon_id, 0)   WHERE  e.user_id = ? AND date BETWEEN "2024-01-01 00:00:00" AND LAST_DAY("2024-01-01 00:00:00")      [1]
[SQL_LOG:2024-01-10 12:26:10]: SELECT     c.category_id,
    c.category_name,
    c.item_order,
    c.icon_id,
    c.icon_color,
    i.html_tag FROM  categories c   INNER JOIN  icons i ON i.icon_id = c.icon_id   WHERE  user_id = ?      [1]
[SQL_LOG:2024-01-10 12:29:57]: SELECT     e.event_id, 
    e.category_id, 
    c.category_name,
    c.icon_id AS c_icon_id,
    i1.html_tag AS c_html,
    c.icon_color AS c_icon_color,
    e.wallet_id, 
    w.wallet_name, 
    w.icon_id AS w_icon_id, 
    i2.html_tag AS w_html, 
    w.icon_color AS w_icon_color,
    e.option,
    e.amount, 
    e.date, 
    e.other FROM money_events e  INNER JOIN  categories c  ON  e.category_id = c.category_id    INNER JOIN  wallets w  ON  e.wallet_id = w.wallet_id    INNER JOIN  icons i1  ON  COALESCE(w.icon_id, 0) = COALESCE(i1.icon_id, 0)    INNER JOIN  icons i2  ON  COALESCE(w.icon_id, 0) = COALESCE(i2.icon_id, 0)   WHERE  e.user_id = ? AND date BETWEEN "2024-01-01 00:00:00" AND LAST_DAY("2024-01-01 00:00:00")      [1]
[SQL_LOG:2024-01-10 12:29:57]: SELECT     c.category_id,
    c.category_name,
    c.item_order,
    c.icon_id,
    c.icon_color,
    i.html_tag FROM  categories c   INNER JOIN  icons i ON i.icon_id = c.icon_id   WHERE  user_id = ?      [1]
[SQL_LOG:2024-01-10 12:31:23]: SELECT     e.event_id, 
    e.category_id, 
    c.category_name,
    c.icon_id AS c_icon_id,
    i1.html_tag AS c_html,
    c.icon_color AS c_icon_color,
    e.wallet_id, 
    w.wallet_name, 
    w.icon_id AS w_icon_id, 
    i2.html_tag AS w_html, 
    w.icon_color AS w_icon_color,
    e.option,
    e.amount, 
    e.date, 
    e.other FROM money_events e  INNER JOIN  categories c  ON  e.category_id = c.category_id    INNER JOIN  wallets w  ON  e.wallet_id = w.wallet_id    INNER JOIN  icons i1  ON  COALESCE(w.icon_id, 0) = COALESCE(i1.icon_id, 0)    INNER JOIN  icons i2  ON  COALESCE(w.icon_id, 0) = COALESCE(i2.icon_id, 0)   WHERE  e.user_id = ? AND date BETWEEN "2024-01-01 00:00:00" AND LAST_DAY("2024-01-01 00:00:00")      [1]
[SQL_LOG:2024-01-10 12:31:23]: SELECT     c.category_id,
    c.category_name,
    c.item_order,
    c.icon_id,
    c.icon_color,
    i.html_tag FROM  categories c   INNER JOIN  icons i ON i.icon_id = c.icon_id   WHERE  user_id = ?      [1]
[SQL_LOG:2024-01-10 12:34:42]: SELECT     e.event_id, 
    e.category_id, 
    c.category_name,
    c.icon_id AS c_icon_id,
    i1.html_tag AS c_html,
    c.icon_color AS c_icon_color,
    e.wallet_id, 
    w.wallet_name, 
    w.icon_id AS w_icon_id, 
    i2.html_tag AS w_html, 
    w.icon_color AS w_icon_color,
    e.option,
    e.amount, 
    e.date, 
    e.other FROM money_events e  INNER JOIN  categories c  ON  e.category_id = c.category_id    INNER JOIN  wallets w  ON  e.wallet_id = w.wallet_id    INNER JOIN  icons i1  ON  COALESCE(w.icon_id, 0) = COALESCE(i1.icon_id, 0)    INNER JOIN  icons i2  ON  COALESCE(w.icon_id, 0) = COALESCE(i2.icon_id, 0)   WHERE  e.user_id = ? AND date BETWEEN "2024-01-01 00:00:00" AND LAST_DAY("2024-01-01 00:00:00")      [1]
[SQL_LOG:2024-01-10 12:34:42]: SELECT     c.category_id,
    c.category_name,
    c.item_order,
    c.icon_id,
    c.icon_color,
    i.html_tag FROM  categories c   INNER JOIN  icons i ON i.icon_id = c.icon_id   WHERE  user_id = ?      [1]
[SQL_LOG:2024-01-10 12:35:48]: SELECT     e.event_id, 
    e.category_id, 
    c.category_name,
    c.icon_id AS c_icon_id,
    i1.html_tag AS c_html,
    c.icon_color AS c_icon_color,
    e.wallet_id, 
    w.wallet_name, 
    w.icon_id AS w_icon_id, 
    i2.html_tag AS w_html, 
    w.icon_color AS w_icon_color,
    e.option,
    e.amount, 
    e.date, 
    e.other FROM money_events e  INNER JOIN  categories c  ON  e.category_id = c.category_id    INNER JOIN  wallets w  ON  e.wallet_id = w.wallet_id    INNER JOIN  icons i1  ON  COALESCE(w.icon_id, 0) = COALESCE(i1.icon_id, 0)    INNER JOIN  icons i2  ON  COALESCE(w.icon_id, 0) = COALESCE(i2.icon_id, 0)   WHERE  e.user_id = ? AND date BETWEEN "2024-01-01 00:00:00" AND LAST_DAY("2024-01-01 00:00:00")      [1]
[SQL_LOG:2024-01-10 12:35:48]: SELECT     c.category_id,
    c.category_name,
    c.item_order,
    c.icon_id,
    c.icon_color,
    i.html_tag FROM  categories c   INNER JOIN  icons i ON i.icon_id = c.icon_id   WHERE  user_id = ?      [1]
[SQL_LOG:2024-01-10 12:36:18]: SELECT     e.event_id, 
    e.category_id, 
    c.category_name,
    c.icon_id AS c_icon_id,
    i1.html_tag AS c_html,
    c.icon_color AS c_icon_color,
    e.wallet_id, 
    w.wallet_name, 
    w.icon_id AS w_icon_id, 
    i2.html_tag AS w_html, 
    w.icon_color AS w_icon_color,
    e.option,
    e.amount, 
    e.date, 
    e.other FROM money_events e  INNER JOIN  categories c  ON  e.category_id = c.category_id    INNER JOIN  wallets w  ON  e.wallet_id = w.wallet_id    INNER JOIN  icons i1  ON  COALESCE(w.icon_id, 0) = COALESCE(i1.icon_id, 0)    INNER JOIN  icons i2  ON  COALESCE(w.icon_id, 0) = COALESCE(i2.icon_id, 0)   WHERE  e.user_id = ? AND date BETWEEN "2024-01-01 00:00:00" AND LAST_DAY("2024-01-01 00:00:00")      [1]
[SQL_LOG:2024-01-10 12:36:18]: SELECT     c.category_id,
    c.category_name,
    c.item_order,
    c.icon_id,
    c.icon_color,
    i.html_tag FROM  categories c   INNER JOIN  icons i ON i.icon_id = c.icon_id   WHERE  user_id = ?      [1]
[SQL_LOG:2024-01-10 12:37:07]: SELECT     e.event_id, 
    e.category_id, 
    c.category_name,
    c.icon_id AS c_icon_id,
    i1.html_tag AS c_html,
    c.icon_color AS c_icon_color,
    e.wallet_id, 
    w.wallet_name, 
    w.icon_id AS w_icon_id, 
    i2.html_tag AS w_html, 
    w.icon_color AS w_icon_color,
    e.option,
    e.amount, 
    e.date, 
    e.other FROM money_events e  INNER JOIN  categories c  ON  e.category_id = c.category_id    INNER JOIN  wallets w  ON  e.wallet_id = w.wallet_id    INNER JOIN  icons i1  ON  COALESCE(w.icon_id, 0) = COALESCE(i1.icon_id, 0)    INNER JOIN  icons i2  ON  COALESCE(w.icon_id, 0) = COALESCE(i2.icon_id, 0)   WHERE  e.user_id = ? AND date BETWEEN "2024-01-01 00:00:00" AND LAST_DAY("2024-01-01 00:00:00")      [1]
[SQL_LOG:2024-01-10 12:37:07]: SELECT     c.category_id,
    c.category_name,
    c.item_order,
    c.icon_id,
    c.icon_color,
    i.html_tag FROM  categories c   INNER JOIN  icons i ON i.icon_id = c.icon_id   WHERE  user_id = ?      [1]
[SQL_LOG:2024-01-10 12:37:47]: SELECT     e.event_id, 
    e.category_id, 
    c.category_name,
    c.icon_id AS c_icon_id,
    i1.html_tag AS c_html,
    c.icon_color AS c_icon_color,
    e.wallet_id, 
    w.wallet_name, 
    w.icon_id AS w_icon_id, 
    i2.html_tag AS w_html, 
    w.icon_color AS w_icon_color,
    e.option,
    e.amount, 
    e.date, 
    e.other FROM money_events e  INNER JOIN  categories c  ON  e.category_id = c.category_id    INNER JOIN  wallets w  ON  e.wallet_id = w.wallet_id    INNER JOIN  icons i1  ON  COALESCE(w.icon_id, 0) = COALESCE(i1.icon_id, 0)    INNER JOIN  icons i2  ON  COALESCE(w.icon_id, 0) = COALESCE(i2.icon_id, 0)   WHERE  e.user_id = ? AND date BETWEEN "2024-01-01 00:00:00" AND LAST_DAY("2024-01-01 00:00:00")      [1]
[SQL_LOG:2024-01-10 12:37:47]: SELECT     c.category_id,
    c.category_name,
    c.item_order,
    c.icon_id,
    c.icon_color,
    i.html_tag FROM  categories c   INNER JOIN  icons i ON i.icon_id = c.icon_id   WHERE  user_id = ?      [1]
[SQL_LOG:2024-01-10 12:37:58]: SELECT     e.event_id, 
    e.category_id, 
    c.category_name,
    c.icon_id AS c_icon_id,
    i1.html_tag AS c_html,
    c.icon_color AS c_icon_color,
    e.wallet_id, 
    w.wallet_name, 
    w.icon_id AS w_icon_id, 
    i2.html_tag AS w_html, 
    w.icon_color AS w_icon_color,
    e.option,
    e.amount, 
    e.date, 
    e.other FROM money_events e  INNER JOIN  categories c  ON  e.category_id = c.category_id    INNER JOIN  wallets w  ON  e.wallet_id = w.wallet_id    INNER JOIN  icons i1  ON  COALESCE(w.icon_id, 0) = COALESCE(i1.icon_id, 0)    INNER JOIN  icons i2  ON  COALESCE(w.icon_id, 0) = COALESCE(i2.icon_id, 0)   WHERE  e.user_id = ? AND date BETWEEN "2024-01-01 00:00:00" AND LAST_DAY("2024-01-01 00:00:00")      [1]
[SQL_LOG:2024-01-10 12:37:58]: SELECT     c.category_id,
    c.category_name,
    c.item_order,
    c.icon_id,
    c.icon_color,
    i.html_tag FROM  categories c   INNER JOIN  icons i ON i.icon_id = c.icon_id   WHERE  user_id = ?      [1]
[SQL_LOG:2024-01-10 12:38:21]: SELECT     e.event_id, 
    e.category_id, 
    c.category_name,
    c.icon_id AS c_icon_id,
    i1.html_tag AS c_html,
    c.icon_color AS c_icon_color,
    e.wallet_id, 
    w.wallet_name, 
    w.icon_id AS w_icon_id, 
    i2.html_tag AS w_html, 
    w.icon_color AS w_icon_color,
    e.option,
    e.amount, 
    e.date, 
    e.other FROM money_events e  INNER JOIN  categories c  ON  e.category_id = c.category_id    INNER JOIN  wallets w  ON  e.wallet_id = w.wallet_id    INNER JOIN  icons i1  ON  COALESCE(w.icon_id, 0) = COALESCE(i1.icon_id, 0)    INNER JOIN  icons i2  ON  COALESCE(w.icon_id, 0) = COALESCE(i2.icon_id, 0)   WHERE  e.user_id = ? AND date BETWEEN "2024-01-01 00:00:00" AND LAST_DAY("2024-01-01 00:00:00")      [1]
[SQL_LOG:2024-01-10 12:38:21]: SELECT     c.category_id,
    c.category_name,
    c.item_order,
    c.icon_id,
    c.icon_color,
    i.html_tag FROM  categories c   INNER JOIN  icons i ON i.icon_id = c.icon_id   WHERE  user_id = ?      [1]
[SQL_LOG:2024-01-10 16:47:34]: SELECT     e.event_id, 
    e.category_id, 
    c.category_name,
    c.icon_id AS c_icon_id,
    i1.html_tag AS c_html,
    c.icon_color AS c_icon_color,
    e.wallet_id, 
    w.wallet_name, 
    w.icon_id AS w_icon_id, 
    i2.html_tag AS w_html, 
    w.icon_color AS w_icon_color,
    e.option,
    e.amount, 
    e.date, 
    e.other FROM money_events e  INNER JOIN  categories c  ON  e.category_id = c.category_id    INNER JOIN  wallets w  ON  e.wallet_id = w.wallet_id    INNER JOIN  icons i1  ON  COALESCE(w.icon_id, 0) = COALESCE(i1.icon_id, 0)    INNER JOIN  icons i2  ON  COALESCE(w.icon_id, 0) = COALESCE(i2.icon_id, 0)   WHERE  e.user_id = ? AND date BETWEEN "2024-01-01 00:00:00" AND LAST_DAY("2024-01-01 00:00:00")      [1]
[SQL_LOG:2024-01-10 16:47:34]: SELECT     c.category_id,
    c.category_name,
    c.item_order,
    c.icon_id,
    c.icon_color,
    i.html_tag FROM  categories c   INNER JOIN  icons i ON i.icon_id = c.icon_id   WHERE  user_id = ?      [1]
[SQL_LOG:2024-01-10 16:48:16]: SELECT     e.event_id, 
    e.category_id, 
    c.category_name,
    c.icon_id AS c_icon_id,
    i1.html_tag AS c_html,
    c.icon_color AS c_icon_color,
    e.wallet_id, 
    w.wallet_name, 
    w.icon_id AS w_icon_id, 
    i2.html_tag AS w_html, 
    w.icon_color AS w_icon_color,
    e.option,
    e.amount, 
    e.date, 
    e.other FROM money_events e  INNER JOIN  categories c  ON  e.category_id = c.category_id    INNER JOIN  wallets w  ON  e.wallet_id = w.wallet_id    INNER JOIN  icons i1  ON  COALESCE(w.icon_id, 0) = COALESCE(i1.icon_id, 0)    INNER JOIN  icons i2  ON  COALESCE(w.icon_id, 0) = COALESCE(i2.icon_id, 0)   WHERE  e.user_id = ? AND date BETWEEN "2024-01-01 00:00:00" AND LAST_DAY("2024-01-01 00:00:00")      [1]
[SQL_LOG:2024-01-10 16:48:16]: SELECT     c.category_id,
    c.category_name,
    c.item_order,
    c.icon_id,
    c.icon_color,
    i.html_tag FROM  categories c   INNER JOIN  icons i ON i.icon_id = c.icon_id   WHERE  user_id = ?      [1]
[SQL_LOG:2024-01-10 16:54:50]: SELECT     e.event_id, 
    e.category_id, 
    c.category_name,
    c.icon_id AS c_icon_id,
    i1.html_tag AS c_html,
    c.icon_color AS c_icon_color,
    e.wallet_id, 
    w.wallet_name, 
    w.icon_id AS w_icon_id, 
    i2.html_tag AS w_html, 
    w.icon_color AS w_icon_color,
    e.option,
    e.amount, 
    e.date, 
    e.other FROM money_events e  INNER JOIN  categories c  ON  e.category_id = c.category_id    INNER JOIN  wallets w  ON  e.wallet_id = w.wallet_id    INNER JOIN  icons i1  ON  COALESCE(w.icon_id, 0) = COALESCE(i1.icon_id, 0)    INNER JOIN  icons i2  ON  COALESCE(w.icon_id, 0) = COALESCE(i2.icon_id, 0)   WHERE  e.user_id = ? AND date BETWEEN "2024-01-01 00:00:00" AND LAST_DAY("2024-01-01 00:00:00")      [1]
[SQL_LOG:2024-01-10 16:54:50]: SELECT     c.category_id,
    c.category_name,
    c.item_order,
    c.icon_id,
    c.icon_color,
    i.html_tag FROM  categories c   INNER JOIN  icons i ON i.icon_id = c.icon_id   WHERE  user_id = ?      [1]
[SQL_LOG:2024-01-10 17:30:46]: SELECT     e.event_id, 
    e.category_id, 
    c.category_name,
    c.icon_id AS c_icon_id,
    i1.html_tag AS c_html,
    c.icon_color AS c_icon_color,
    e.wallet_id, 
    w.wallet_name, 
    w.icon_id AS w_icon_id, 
    i2.html_tag AS w_html, 
    w.icon_color AS w_icon_color,
    e.option,
    e.amount, 
    e.date, 
    e.other FROM money_events e  INNER JOIN  categories c  ON  e.category_id = c.category_id    INNER JOIN  wallets w  ON  e.wallet_id = w.wallet_id    INNER JOIN  icons i1  ON  COALESCE(w.icon_id, 0) = COALESCE(i1.icon_id, 0)    INNER JOIN  icons i2  ON  COALESCE(w.icon_id, 0) = COALESCE(i2.icon_id, 0)   WHERE  e.user_id = ? AND date BETWEEN "2024-01-01 00:00:00" AND LAST_DAY("2024-01-01 00:00:00")      [1]
[SQL_LOG:2024-01-10 17:30:46]: SELECT     c.category_id,
    c.category_name,
    c.item_order,
    c.icon_id,
    c.icon_color,
    i.html_tag FROM  categories c   INNER JOIN  icons i ON i.icon_id = c.icon_id   WHERE  user_id = ?      [1]
[SQL_LOG:2024-01-10 17:31:04]: SELECT     e.event_id, 
    e.category_id, 
    c.category_name,
    c.icon_id AS c_icon_id,
    i1.html_tag AS c_html,
    c.icon_color AS c_icon_color,
    e.wallet_id, 
    w.wallet_name, 
    w.icon_id AS w_icon_id, 
    i2.html_tag AS w_html, 
    w.icon_color AS w_icon_color,
    e.option,
    e.amount, 
    e.date, 
    e.other FROM money_events e  INNER JOIN  categories c  ON  e.category_id = c.category_id    INNER JOIN  wallets w  ON  e.wallet_id = w.wallet_id    INNER JOIN  icons i1  ON  COALESCE(w.icon_id, 0) = COALESCE(i1.icon_id, 0)    INNER JOIN  icons i2  ON  COALESCE(w.icon_id, 0) = COALESCE(i2.icon_id, 0)   WHERE  e.user_id = ? AND date BETWEEN "2024-01-01 00:00:00" AND LAST_DAY("2024-01-01 00:00:00")      [1]
[SQL_LOG:2024-01-10 17:31:04]: SELECT     c.category_id,
    c.category_name,
    c.item_order,
    c.icon_id,
    c.icon_color,
    i.html_tag FROM  categories c   INNER JOIN  icons i ON i.icon_id = c.icon_id   WHERE  user_id = ?      [1]
[SQL_LOG:2024-01-10 17:31:24]: SELECT     e.event_id, 
    e.category_id, 
    c.category_name,
    c.icon_id AS c_icon_id,
    i1.html_tag AS c_html,
    c.icon_color AS c_icon_color,
    e.wallet_id, 
    w.wallet_name, 
    w.icon_id AS w_icon_id, 
    i2.html_tag AS w_html, 
    w.icon_color AS w_icon_color,
    e.option,
    e.amount, 
    e.date, 
    e.other FROM money_events e  INNER JOIN  categories c  ON  e.category_id = c.category_id    INNER JOIN  wallets w  ON  e.wallet_id = w.wallet_id    INNER JOIN  icons i1  ON  COALESCE(w.icon_id, 0) = COALESCE(i1.icon_id, 0)    INNER JOIN  icons i2  ON  COALESCE(w.icon_id, 0) = COALESCE(i2.icon_id, 0)   WHERE  e.user_id = ? AND date BETWEEN "2024-01-01 00:00:00" AND LAST_DAY("2024-01-01 00:00:00")      [1]
[SQL_LOG:2024-01-10 17:31:49]: SELECT     e.event_id, 
    e.category_id, 
    c.category_name,
    c.icon_id AS c_icon_id,
    i1.html_tag AS c_html,
    c.icon_color AS c_icon_color,
    e.wallet_id, 
    w.wallet_name, 
    w.icon_id AS w_icon_id, 
    i2.html_tag AS w_html, 
    w.icon_color AS w_icon_color,
    e.option,
    e.amount, 
    e.date, 
    e.other FROM money_events e  INNER JOIN  categories c  ON  e.category_id = c.category_id    INNER JOIN  wallets w  ON  e.wallet_id = w.wallet_id    INNER JOIN  icons i1  ON  COALESCE(w.icon_id, 0) = COALESCE(i1.icon_id, 0)    INNER JOIN  icons i2  ON  COALESCE(w.icon_id, 0) = COALESCE(i2.icon_id, 0)   WHERE  e.user_id = ? AND date BETWEEN "2024-01-01 00:00:00" AND LAST_DAY("2024-01-01 00:00:00")      [1]
[SQL_LOG:2024-01-10 17:31:49]: SELECT     c.category_id,
    c.category_name,
    c.item_order,
    c.icon_id,
    c.icon_color,
    i.html_tag FROM  categories c   INNER JOIN  icons i ON i.icon_id = c.icon_id   WHERE  user_id = ?      [1]
[SQL_LOG:2024-01-10 17:33:14]: SELECT     e.event_id, 
    e.category_id, 
    c.category_name,
    c.icon_id AS c_icon_id,
    i1.html_tag AS c_html,
    c.icon_color AS c_icon_color,
    e.wallet_id, 
    w.wallet_name, 
    w.icon_id AS w_icon_id, 
    i2.html_tag AS w_html, 
    w.icon_color AS w_icon_color,
    e.option,
    e.amount, 
    e.date, 
    e.other FROM money_events e  INNER JOIN  categories c  ON  e.category_id = c.category_id    INNER JOIN  wallets w  ON  e.wallet_id = w.wallet_id    INNER JOIN  icons i1  ON  COALESCE(w.icon_id, 0) = COALESCE(i1.icon_id, 0)    INNER JOIN  icons i2  ON  COALESCE(w.icon_id, 0) = COALESCE(i2.icon_id, 0)   WHERE  e.user_id = ? AND date BETWEEN "2024-01-01 00:00:00" AND LAST_DAY("2024-01-01 00:00:00")      [1]
[SQL_LOG:2024-01-10 17:33:32]: SELECT     e.event_id, 
    e.category_id, 
    c.category_name,
    c.icon_id AS c_icon_id,
    i1.html_tag AS c_html,
    c.icon_color AS c_icon_color,
    e.wallet_id, 
    w.wallet_name, 
    w.icon_id AS w_icon_id, 
    i2.html_tag AS w_html, 
    w.icon_color AS w_icon_color,
    e.option,
    e.amount, 
    e.date, 
    e.other FROM money_events e  INNER JOIN  categories c  ON  e.category_id = c.category_id    INNER JOIN  wallets w  ON  e.wallet_id = w.wallet_id    INNER JOIN  icons i1  ON  COALESCE(w.icon_id, 0) = COALESCE(i1.icon_id, 0)    INNER JOIN  icons i2  ON  COALESCE(w.icon_id, 0) = COALESCE(i2.icon_id, 0)   WHERE  e.user_id = ? AND date BETWEEN "2024-01-01 00:00:00" AND LAST_DAY("2024-01-01 00:00:00")      [1]
[SQL_LOG:2024-01-10 17:33:32]: SELECT     c.category_id,
    c.category_name,
    c.item_order,
    c.icon_id,
    c.icon_color,
    i.html_tag FROM  categories c   INNER JOIN  icons i ON i.icon_id = c.icon_id   WHERE  user_id = ?      [1]
[SQL_LOG:2024-01-10 17:33:36]: SELECT     e.event_id, 
    e.category_id, 
    c.category_name,
    c.icon_id AS c_icon_id,
    i1.html_tag AS c_html,
    c.icon_color AS c_icon_color,
    e.wallet_id, 
    w.wallet_name, 
    w.icon_id AS w_icon_id, 
    i2.html_tag AS w_html, 
    w.icon_color AS w_icon_color,
    e.option,
    e.amount, 
    e.date, 
    e.other FROM money_events e  INNER JOIN  categories c  ON  e.category_id = c.category_id    INNER JOIN  wallets w  ON  e.wallet_id = w.wallet_id    INNER JOIN  icons i1  ON  COALESCE(w.icon_id, 0) = COALESCE(i1.icon_id, 0)    INNER JOIN  icons i2  ON  COALESCE(w.icon_id, 0) = COALESCE(i2.icon_id, 0)   WHERE  e.user_id = ? AND date BETWEEN "2024-01-01 00:00:00" AND LAST_DAY("2024-01-01 00:00:00")      [1]
[SQL_LOG:2024-01-10 17:35:55]: SELECT     e.event_id, 
    e.category_id, 
    c.category_name,
    c.icon_id AS c_icon_id,
    i1.html_tag AS c_html,
    c.icon_color AS c_icon_color,
    e.wallet_id, 
    w.wallet_name, 
    w.icon_id AS w_icon_id, 
    i2.html_tag AS w_html, 
    w.icon_color AS w_icon_color,
    e.option,
    e.amount, 
    e.date, 
    e.other FROM money_events e  INNER JOIN  categories c  ON  e.category_id = c.category_id    INNER JOIN  wallets w  ON  e.wallet_id = w.wallet_id    INNER JOIN  icons i1  ON  COALESCE(w.icon_id, 0) = COALESCE(i1.icon_id, 0)    INNER JOIN  icons i2  ON  COALESCE(w.icon_id, 0) = COALESCE(i2.icon_id, 0)   WHERE  e.user_id = ? AND date BETWEEN "2024-01-01 00:00:00" AND LAST_DAY("2024-01-01 00:00:00")      [1]
[SQL_LOG:2024-01-10 17:35:55]: SELECT     c.category_id,
    c.category_name,
    c.item_order,
    c.icon_id,
    c.icon_color,
    i.html_tag FROM  categories c   INNER JOIN  icons i ON i.icon_id = c.icon_id   WHERE  user_id = ?      [1]
[SQL_LOG:2024-01-10 17:35:57]: SELECT     e.event_id, 
    e.category_id, 
    c.category_name,
    c.icon_id AS c_icon_id,
    i1.html_tag AS c_html,
    c.icon_color AS c_icon_color,
    e.wallet_id, 
    w.wallet_name, 
    w.icon_id AS w_icon_id, 
    i2.html_tag AS w_html, 
    w.icon_color AS w_icon_color,
    e.option,
    e.amount, 
    e.date, 
    e.other FROM money_events e  INNER JOIN  categories c  ON  e.category_id = c.category_id    INNER JOIN  wallets w  ON  e.wallet_id = w.wallet_id    INNER JOIN  icons i1  ON  COALESCE(w.icon_id, 0) = COALESCE(i1.icon_id, 0)    INNER JOIN  icons i2  ON  COALESCE(w.icon_id, 0) = COALESCE(i2.icon_id, 0)   WHERE  e.user_id = ? AND date BETWEEN "2024-01-01 00:00:00" AND LAST_DAY("2024-01-01 00:00:00")      [1]
[SQL_LOG:2024-01-10 17:37:07]: SELECT     e.event_id, 
    e.category_id, 
    c.category_name,
    c.icon_id AS c_icon_id,
    i1.html_tag AS c_html,
    c.icon_color AS c_icon_color,
    e.wallet_id, 
    w.wallet_name, 
    w.icon_id AS w_icon_id, 
    i2.html_tag AS w_html, 
    w.icon_color AS w_icon_color,
    e.option,
    e.amount, 
    e.date, 
    e.other FROM money_events e  INNER JOIN  categories c  ON  e.category_id = c.category_id    INNER JOIN  wallets w  ON  e.wallet_id = w.wallet_id    INNER JOIN  icons i1  ON  COALESCE(w.icon_id, 0) = COALESCE(i1.icon_id, 0)    INNER JOIN  icons i2  ON  COALESCE(w.icon_id, 0) = COALESCE(i2.icon_id, 0)   WHERE  e.user_id = ? AND date BETWEEN "2024-01-01 00:00:00" AND LAST_DAY("2024-01-01 00:00:00")      [1]
[SQL_LOG:2024-01-10 17:37:07]: SELECT     c.category_id,
    c.category_name,
    c.item_order,
    c.icon_id,
    c.icon_color,
    i.html_tag FROM  categories c   INNER JOIN  icons i ON i.icon_id = c.icon_id   WHERE  user_id = ?      [1]
[SQL_LOG:2024-01-10 17:37:17]: SELECT     e.event_id, 
    e.category_id, 
    c.category_name,
    c.icon_id AS c_icon_id,
    i1.html_tag AS c_html,
    c.icon_color AS c_icon_color,
    e.wallet_id, 
    w.wallet_name, 
    w.icon_id AS w_icon_id, 
    i2.html_tag AS w_html, 
    w.icon_color AS w_icon_color,
    e.option,
    e.amount, 
    e.date, 
    e.other FROM money_events e  INNER JOIN  categories c  ON  e.category_id = c.category_id    INNER JOIN  wallets w  ON  e.wallet_id = w.wallet_id    INNER JOIN  icons i1  ON  COALESCE(w.icon_id, 0) = COALESCE(i1.icon_id, 0)    INNER JOIN  icons i2  ON  COALESCE(w.icon_id, 0) = COALESCE(i2.icon_id, 0)   WHERE  e.user_id = ? AND date BETWEEN "2024-01-01 00:00:00" AND LAST_DAY("2024-01-01 00:00:00")      [1]
[SQL_LOG:2024-01-10 17:40:54]: SELECT     e.event_id, 
    e.category_id, 
    c.category_name,
    c.icon_id AS c_icon_id,
    i1.html_tag AS c_html,
    c.icon_color AS c_icon_color,
    e.wallet_id, 
    w.wallet_name, 
    w.icon_id AS w_icon_id, 
    i2.html_tag AS w_html, 
    w.icon_color AS w_icon_color,
    e.option,
    e.amount, 
    e.date, 
    e.other FROM money_events e  INNER JOIN  categories c  ON  e.category_id = c.category_id    INNER JOIN  wallets w  ON  e.wallet_id = w.wallet_id    INNER JOIN  icons i1  ON  COALESCE(w.icon_id, 0) = COALESCE(i1.icon_id, 0)    INNER JOIN  icons i2  ON  COALESCE(w.icon_id, 0) = COALESCE(i2.icon_id, 0)   WHERE  e.user_id = ? AND date BETWEEN "2024-01-01 00:00:00" AND LAST_DAY("2024-01-01 00:00:00")      [1]
[SQL_LOG:2024-01-10 17:41:27]: SELECT     e.event_id, 
    e.category_id, 
    c.category_name,
    c.icon_id AS c_icon_id,
    i1.html_tag AS c_html,
    c.icon_color AS c_icon_color,
    e.wallet_id, 
    w.wallet_name, 
    w.icon_id AS w_icon_id, 
    i2.html_tag AS w_html, 
    w.icon_color AS w_icon_color,
    e.option,
    e.amount, 
    e.date, 
    e.other FROM money_events e  INNER JOIN  categories c  ON  e.category_id = c.category_id    INNER JOIN  wallets w  ON  e.wallet_id = w.wallet_id    INNER JOIN  icons i1  ON  COALESCE(w.icon_id, 0) = COALESCE(i1.icon_id, 0)    INNER JOIN  icons i2  ON  COALESCE(w.icon_id, 0) = COALESCE(i2.icon_id, 0)   WHERE  e.user_id = ? AND date BETWEEN "2024-01-01 00:00:00" AND LAST_DAY("2024-01-01 00:00:00")      [1]
[SQL_LOG:2024-01-10 17:41:27]: SELECT     c.category_id,
    c.category_name,
    c.item_order,
    c.icon_id,
    c.icon_color,
    i.html_tag FROM  categories c   INNER JOIN  icons i ON i.icon_id = c.icon_id   WHERE  user_id = ?      [1]
[SQL_LOG:2024-01-10 17:49:42]: SELECT     e.event_id, 
    e.category_id, 
    c.category_name,
    c.icon_id AS c_icon_id,
    i1.html_tag AS c_html,
    c.icon_color AS c_icon_color,
    e.wallet_id, 
    w.wallet_name, 
    w.icon_id AS w_icon_id, 
    i2.html_tag AS w_html, 
    w.icon_color AS w_icon_color,
    e.option,
    e.amount, 
    e.date, 
    e.other FROM money_events e  INNER JOIN  categories c  ON  e.category_id = c.category_id    INNER JOIN  wallets w  ON  e.wallet_id = w.wallet_id    INNER JOIN  icons i1  ON  COALESCE(w.icon_id, 0) = COALESCE(i1.icon_id, 0)    INNER JOIN  icons i2  ON  COALESCE(w.icon_id, 0) = COALESCE(i2.icon_id, 0)   WHERE  e.user_id = ? AND date BETWEEN "2024-01-01 00:00:00" AND LAST_DAY("2024-01-01 00:00:00")      [1]
[SQL_LOG:2024-01-10 17:49:42]: SELECT     c.category_id,
    c.category_name,
    c.item_order,
    c.icon_id,
    c.icon_color,
    i.html_tag FROM  categories c   INNER JOIN  icons i ON i.icon_id = c.icon_id   WHERE  user_id = ?      [1]
[SQL_LOG:2024-01-10 17:50:08]: SELECT     e.event_id, 
    e.category_id, 
    c.category_name,
    c.icon_id AS c_icon_id,
    i1.html_tag AS c_html,
    c.icon_color AS c_icon_color,
    e.wallet_id, 
    w.wallet_name, 
    w.icon_id AS w_icon_id, 
    i2.html_tag AS w_html, 
    w.icon_color AS w_icon_color,
    e.option,
    e.amount, 
    e.date, 
    e.other FROM money_events e  INNER JOIN  categories c  ON  e.category_id = c.category_id    INNER JOIN  wallets w  ON  e.wallet_id = w.wallet_id    INNER JOIN  icons i1  ON  COALESCE(w.icon_id, 0) = COALESCE(i1.icon_id, 0)    INNER JOIN  icons i2  ON  COALESCE(w.icon_id, 0) = COALESCE(i2.icon_id, 0)   WHERE  e.user_id = ? AND date BETWEEN "2024-01-01 00:00:00" AND LAST_DAY("2024-01-01 00:00:00")      [1]
[SQL_LOG:2024-01-10 17:50:08]: SELECT     c.category_id,
    c.category_name,
    c.item_order,
    c.icon_id,
    c.icon_color,
    i.html_tag FROM  categories c   INNER JOIN  icons i ON i.icon_id = c.icon_id   WHERE  user_id = ?      [1]
[SQL_LOG:2024-01-10 17:53:13]: SELECT     e.event_id, 
    e.category_id, 
    c.category_name,
    c.icon_id AS c_icon_id,
    i1.html_tag AS c_html,
    c.icon_color AS c_icon_color,
    e.wallet_id, 
    w.wallet_name, 
    w.icon_id AS w_icon_id, 
    i2.html_tag AS w_html, 
    w.icon_color AS w_icon_color,
    e.option,
    e.amount, 
    e.date, 
    e.other FROM money_events e  INNER JOIN  categories c  ON  e.category_id = c.category_id    INNER JOIN  wallets w  ON  e.wallet_id = w.wallet_id    INNER JOIN  icons i1  ON  COALESCE(w.icon_id, 0) = COALESCE(i1.icon_id, 0)    INNER JOIN  icons i2  ON  COALESCE(w.icon_id, 0) = COALESCE(i2.icon_id, 0)   WHERE  e.user_id = ? AND date BETWEEN "2024-01-01 00:00:00" AND LAST_DAY("2024-01-01 00:00:00")      [1]
[SQL_LOG:2024-01-10 17:53:13]: SELECT     c.category_id,
    c.category_name,
    c.item_order,
    c.icon_id,
    c.icon_color,
    i.html_tag FROM  categories c   INNER JOIN  icons i ON i.icon_id = c.icon_id   WHERE  user_id = ?      [1]
[SQL_LOG:2024-01-10 17:54:43]: SELECT     e.event_id, 
    e.category_id, 
    c.category_name,
    c.icon_id AS c_icon_id,
    i1.html_tag AS c_html,
    c.icon_color AS c_icon_color,
    e.wallet_id, 
    w.wallet_name, 
    w.icon_id AS w_icon_id, 
    i2.html_tag AS w_html, 
    w.icon_color AS w_icon_color,
    e.option,
    e.amount, 
    e.date, 
    e.other FROM money_events e  INNER JOIN  categories c  ON  e.category_id = c.category_id    INNER JOIN  wallets w  ON  e.wallet_id = w.wallet_id    INNER JOIN  icons i1  ON  COALESCE(w.icon_id, 0) = COALESCE(i1.icon_id, 0)    INNER JOIN  icons i2  ON  COALESCE(w.icon_id, 0) = COALESCE(i2.icon_id, 0)   WHERE  e.user_id = ? AND date BETWEEN "2024-01-01 00:00:00" AND LAST_DAY("2024-01-01 00:00:00")      [1]
[SQL_LOG:2024-01-10 17:54:43]: SELECT     c.category_id,
    c.category_name,
    c.item_order,
    c.icon_id,
    c.icon_color,
    i.html_tag FROM  categories c   INNER JOIN  icons i ON i.icon_id = c.icon_id   WHERE  user_id = ?      [1]
[SQL_LOG:2024-01-10 17:54:57]: SELECT     e.event_id, 
    e.category_id, 
    c.category_name,
    c.icon_id AS c_icon_id,
    i1.html_tag AS c_html,
    c.icon_color AS c_icon_color,
    e.wallet_id, 
    w.wallet_name, 
    w.icon_id AS w_icon_id, 
    i2.html_tag AS w_html, 
    w.icon_color AS w_icon_color,
    e.option,
    e.amount, 
    e.date, 
    e.other FROM money_events e  INNER JOIN  categories c  ON  e.category_id = c.category_id    INNER JOIN  wallets w  ON  e.wallet_id = w.wallet_id    INNER JOIN  icons i1  ON  COALESCE(w.icon_id, 0) = COALESCE(i1.icon_id, 0)    INNER JOIN  icons i2  ON  COALESCE(w.icon_id, 0) = COALESCE(i2.icon_id, 0)   WHERE  e.user_id = ? AND date BETWEEN "2024-01-01 00:00:00" AND LAST_DAY("2024-01-01 00:00:00")      [1]
[SQL_LOG:2024-01-10 17:54:57]: INSERT INTO  money_events  (user_id,wallet_id,option,amount,date,other) VALUES (?,?,?,?,?,?) [5,1,0,500,2024-01-10,]
[SQL_LOG:2024-01-10 17:58:38]: SELECT  user_id, user_name, email, password, user_image FROM  users   WHERE  email = ?     [test888@example.com]
[SQL_LOG:2024-01-10 17:58:38]: SELECT     e.event_id, 
    e.category_id, 
    c.category_name,
    c.icon_id AS c_icon_id,
    i1.html_tag AS c_html,
    c.icon_color AS c_icon_color,
    e.wallet_id, 
    w.wallet_name, 
    w.icon_id AS w_icon_id, 
    i2.html_tag AS w_html, 
    w.icon_color AS w_icon_color,
    e.option,
    e.amount, 
    e.date, 
    e.other FROM money_events e  INNER JOIN  categories c  ON  e.category_id = c.category_id    INNER JOIN  wallets w  ON  e.wallet_id = w.wallet_id    INNER JOIN  icons i1  ON  COALESCE(w.icon_id, 0) = COALESCE(i1.icon_id, 0)    INNER JOIN  icons i2  ON  COALESCE(w.icon_id, 0) = COALESCE(i2.icon_id, 0)   WHERE  e.user_id = ? AND date BETWEEN "2024-01-01 00:00:00" AND LAST_DAY("2024-01-01 00:00:00")      [1]
[SQL_LOG:2024-01-10 17:58:38]: SELECT     c.category_id,
    c.category_name,
    c.item_order,
    c.icon_id,
    c.icon_color,
    i.html_tag FROM  categories c   INNER JOIN  icons i ON i.icon_id = c.icon_id   WHERE  user_id = ?      [1]
[SQL_LOG:2024-01-10 17:58:52]: SELECT     e.event_id, 
    e.category_id, 
    c.category_name,
    c.icon_id AS c_icon_id,
    i1.html_tag AS c_html,
    c.icon_color AS c_icon_color,
    e.wallet_id, 
    w.wallet_name, 
    w.icon_id AS w_icon_id, 
    i2.html_tag AS w_html, 
    w.icon_color AS w_icon_color,
    e.option,
    e.amount, 
    e.date, 
    e.other FROM money_events e  INNER JOIN  categories c  ON  e.category_id = c.category_id    INNER JOIN  wallets w  ON  e.wallet_id = w.wallet_id    INNER JOIN  icons i1  ON  COALESCE(w.icon_id, 0) = COALESCE(i1.icon_id, 0)    INNER JOIN  icons i2  ON  COALESCE(w.icon_id, 0) = COALESCE(i2.icon_id, 0)   WHERE  e.user_id = ? AND date BETWEEN "2024-01-01 00:00:00" AND LAST_DAY("2024-01-01 00:00:00")      [1]
[SQL_LOG:2024-01-10 17:58:52]: INSERT INTO  money_events  (user_id,wallet_id,option,amount,date,other) VALUES (?,?,?,?,?,?) [1,1,0,500,2024-01-10,]
[SQL_LOG:2024-01-10 17:58:57]: SELECT     e.event_id, 
    e.category_id, 
    c.category_name,
    c.icon_id AS c_icon_id,
    i1.html_tag AS c_html,
    c.icon_color AS c_icon_color,
    e.wallet_id, 
    w.wallet_name, 
    w.icon_id AS w_icon_id, 
    i2.html_tag AS w_html, 
    w.icon_color AS w_icon_color,
    e.option,
    e.amount, 
    e.date, 
    e.other FROM money_events e  INNER JOIN  categories c  ON  e.category_id = c.category_id    INNER JOIN  wallets w  ON  e.wallet_id = w.wallet_id    INNER JOIN  icons i1  ON  COALESCE(w.icon_id, 0) = COALESCE(i1.icon_id, 0)    INNER JOIN  icons i2  ON  COALESCE(w.icon_id, 0) = COALESCE(i2.icon_id, 0)   WHERE  e.user_id = ? AND date BETWEEN "2024-01-01 00:00:00" AND LAST_DAY("2024-01-01 00:00:00")      [1]
[SQL_LOG:2024-01-10 17:58:57]: SELECT     c.category_id,
    c.category_name,
    c.item_order,
    c.icon_id,
    c.icon_color,
    i.html_tag FROM  categories c   INNER JOIN  icons i ON i.icon_id = c.icon_id   WHERE  user_id = ?      [1]
[SQL_LOG:2024-01-10 17:59:02]: SELECT     e.event_id, 
    e.category_id, 
    c.category_name,
    c.icon_id AS c_icon_id,
    i1.html_tag AS c_html,
    c.icon_color AS c_icon_color,
    e.wallet_id, 
    w.wallet_name, 
    w.icon_id AS w_icon_id, 
    i2.html_tag AS w_html, 
    w.icon_color AS w_icon_color,
    e.option,
    e.amount, 
    e.date, 
    e.other FROM money_events e  INNER JOIN  categories c  ON  e.category_id = c.category_id    INNER JOIN  wallets w  ON  e.wallet_id = w.wallet_id    INNER JOIN  icons i1  ON  COALESCE(w.icon_id, 0) = COALESCE(i1.icon_id, 0)    INNER JOIN  icons i2  ON  COALESCE(w.icon_id, 0) = COALESCE(i2.icon_id, 0)   WHERE  e.user_id = ? AND date BETWEEN "2024-01-01 00:00:00" AND LAST_DAY("2024-01-01 00:00:00")      [1]
[SQL_LOG:2024-01-10 17:59:02]: SELECT     c.category_id,
    c.category_name,
    c.item_order,
    c.icon_id,
    c.icon_color,
    i.html_tag FROM  categories c   INNER JOIN  icons i ON i.icon_id = c.icon_id   WHERE  user_id = ?      [1]
[SQL_LOG:2024-01-10 17:59:04]: SELECT     e.event_id, 
    e.category_id, 
    c.category_name,
    c.icon_id AS c_icon_id,
    i1.html_tag AS c_html,
    c.icon_color AS c_icon_color,
    e.wallet_id, 
    w.wallet_name, 
    w.icon_id AS w_icon_id, 
    i2.html_tag AS w_html, 
    w.icon_color AS w_icon_color,
    e.option,
    e.amount, 
    e.date, 
    e.other FROM money_events e  INNER JOIN  categories c  ON  e.category_id = c.category_id    INNER JOIN  wallets w  ON  e.wallet_id = w.wallet_id    INNER JOIN  icons i1  ON  COALESCE(w.icon_id, 0) = COALESCE(i1.icon_id, 0)    INNER JOIN  icons i2  ON  COALESCE(w.icon_id, 0) = COALESCE(i2.icon_id, 0)   WHERE  e.user_id = ? AND date BETWEEN "2024-01-01 00:00:00" AND LAST_DAY("2024-01-01 00:00:00")      [1]
[SQL_LOG:2024-01-10 17:59:04]: INSERT INTO  money_events  (user_id,wallet_id,option,amount,date,other) VALUES (?,?,?,?,?,?) [1,1,0,500,2024-01-10,]
[SQL_LOG:2024-01-10 18:01:32]: SELECT     e.event_id, 
    e.category_id, 
    c.category_name,
    c.icon_id AS c_icon_id,
    i1.html_tag AS c_html,
    c.icon_color AS c_icon_color,
    e.wallet_id, 
    w.wallet_name, 
    w.icon_id AS w_icon_id, 
    i2.html_tag AS w_html, 
    w.icon_color AS w_icon_color,
    e.option,
    e.amount, 
    e.date, 
    e.other FROM money_events e  INNER JOIN  categories c  ON  e.category_id = c.category_id    INNER JOIN  wallets w  ON  e.wallet_id = w.wallet_id    INNER JOIN  icons i1  ON  COALESCE(w.icon_id, 0) = COALESCE(i1.icon_id, 0)    INNER JOIN  icons i2  ON  COALESCE(w.icon_id, 0) = COALESCE(i2.icon_id, 0)   WHERE  e.user_id = ? AND date BETWEEN "2024-01-01 00:00:00" AND LAST_DAY("2024-01-01 00:00:00")      [1]
[SQL_LOG:2024-01-10 18:01:32]: SELECT     c.category_id,
    c.category_name,
    c.item_order,
    c.icon_id,
    c.icon_color,
    i.html_tag FROM  categories c   INNER JOIN  icons i ON i.icon_id = c.icon_id   WHERE  user_id = ?      [1]
[SQL_LOG:2024-01-10 18:02:37]: SELECT     e.event_id, 
    e.category_id, 
    c.category_name,
    c.icon_id AS c_icon_id,
    i1.html_tag AS c_html,
    c.icon_color AS c_icon_color,
    e.wallet_id, 
    w.wallet_name, 
    w.icon_id AS w_icon_id, 
    i2.html_tag AS w_html, 
    w.icon_color AS w_icon_color,
    e.option,
    e.amount, 
    e.date, 
    e.other FROM money_events e  INNER JOIN  categories c  ON  e.category_id = c.category_id    INNER JOIN  wallets w  ON  e.wallet_id = w.wallet_id    INNER JOIN  icons i1  ON  COALESCE(w.icon_id, 0) = COALESCE(i1.icon_id, 0)    INNER JOIN  icons i2  ON  COALESCE(w.icon_id, 0) = COALESCE(i2.icon_id, 0)   WHERE  e.user_id = ? AND date BETWEEN "2024-01-01 00:00:00" AND LAST_DAY("2024-01-01 00:00:00")      [1]
[SQL_LOG:2024-01-10 18:02:37]: SELECT     c.category_id,
    c.category_name,
    c.item_order,
    c.icon_id,
    c.icon_color,
    i.html_tag FROM  categories c   INNER JOIN  icons i ON i.icon_id = c.icon_id   WHERE  user_id = ?      [1]
[SQL_LOG:2024-01-10 18:02:40]: SELECT     e.event_id, 
    e.category_id, 
    c.category_name,
    c.icon_id AS c_icon_id,
    i1.html_tag AS c_html,
    c.icon_color AS c_icon_color,
    e.wallet_id, 
    w.wallet_name, 
    w.icon_id AS w_icon_id, 
    i2.html_tag AS w_html, 
    w.icon_color AS w_icon_color,
    e.option,
    e.amount, 
    e.date, 
    e.other FROM money_events e  INNER JOIN  categories c  ON  e.category_id = c.category_id    INNER JOIN  wallets w  ON  e.wallet_id = w.wallet_id    INNER JOIN  icons i1  ON  COALESCE(w.icon_id, 0) = COALESCE(i1.icon_id, 0)    INNER JOIN  icons i2  ON  COALESCE(w.icon_id, 0) = COALESCE(i2.icon_id, 0)   WHERE  e.user_id = ? AND date BETWEEN "2024-01-01 00:00:00" AND LAST_DAY("2024-01-01 00:00:00")      [1]
[SQL_LOG:2024-01-10 18:02:40]: INSERT INTO  money_events  (user_id,wallet_id,option,amount,date,other) VALUES (?,?,?,?,?,?) [1,1,0,500,2024-01-10,]
[SQL_LOG:2024-01-10 18:08:11]: SELECT     e.event_id, 
    e.category_id, 
    c.category_name,
    c.icon_id AS c_icon_id,
    i1.html_tag AS c_html,
    c.icon_color AS c_icon_color,
    e.wallet_id, 
    w.wallet_name, 
    w.icon_id AS w_icon_id, 
    i2.html_tag AS w_html, 
    w.icon_color AS w_icon_color,
    e.option,
    e.amount, 
    e.date, 
    e.other FROM money_events e  INNER JOIN  categories c  ON  e.category_id = c.category_id    INNER JOIN  wallets w  ON  e.wallet_id = w.wallet_id    INNER JOIN  icons i1  ON  COALESCE(w.icon_id, 0) = COALESCE(i1.icon_id, 0)    INNER JOIN  icons i2  ON  COALESCE(w.icon_id, 0) = COALESCE(i2.icon_id, 0)   WHERE  e.user_id = ? AND date BETWEEN "2024-01-01 00:00:00" AND LAST_DAY("2024-01-01 00:00:00")      [1]
[SQL_LOG:2024-01-10 18:08:11]: INSERT INTO  money_events  (user_id,wallet_id,option,amount,date,other) VALUES (?,?,?,?,?,?) [1,1,0,500,2024-01-10,]
[SQL_LOG:2024-01-10 18:08:17]: SELECT     e.event_id, 
    e.category_id, 
    c.category_name,
    c.icon_id AS c_icon_id,
    i1.html_tag AS c_html,
    c.icon_color AS c_icon_color,
    e.wallet_id, 
    w.wallet_name, 
    w.icon_id AS w_icon_id, 
    i2.html_tag AS w_html, 
    w.icon_color AS w_icon_color,
    e.option,
    e.amount, 
    e.date, 
    e.other FROM money_events e  INNER JOIN  categories c  ON  e.category_id = c.category_id    INNER JOIN  wallets w  ON  e.wallet_id = w.wallet_id    INNER JOIN  icons i1  ON  COALESCE(w.icon_id, 0) = COALESCE(i1.icon_id, 0)    INNER JOIN  icons i2  ON  COALESCE(w.icon_id, 0) = COALESCE(i2.icon_id, 0)   WHERE  e.user_id = ? AND date BETWEEN "2024-01-01 00:00:00" AND LAST_DAY("2024-01-01 00:00:00")      [1]
[SQL_LOG:2024-01-10 18:08:17]: SELECT     c.category_id,
    c.category_name,
    c.item_order,
    c.icon_id,
    c.icon_color,
    i.html_tag FROM  categories c   INNER JOIN  icons i ON i.icon_id = c.icon_id   WHERE  user_id = ?      [1]
[SQL_LOG:2024-01-10 18:08:20]: SELECT     e.event_id, 
    e.category_id, 
    c.category_name,
    c.icon_id AS c_icon_id,
    i1.html_tag AS c_html,
    c.icon_color AS c_icon_color,
    e.wallet_id, 
    w.wallet_name, 
    w.icon_id AS w_icon_id, 
    i2.html_tag AS w_html, 
    w.icon_color AS w_icon_color,
    e.option,
    e.amount, 
    e.date, 
    e.other FROM money_events e  INNER JOIN  categories c  ON  e.category_id = c.category_id    INNER JOIN  wallets w  ON  e.wallet_id = w.wallet_id    INNER JOIN  icons i1  ON  COALESCE(w.icon_id, 0) = COALESCE(i1.icon_id, 0)    INNER JOIN  icons i2  ON  COALESCE(w.icon_id, 0) = COALESCE(i2.icon_id, 0)   WHERE  e.user_id = ? AND date BETWEEN "2024-01-01 00:00:00" AND LAST_DAY("2024-01-01 00:00:00")      [1]
[SQL_LOG:2024-01-10 18:08:20]: INSERT INTO  money_events  (user_id,wallet_id,option,amount,date,other) VALUES (?,?,?,?,?,?) [1,1,0,500,2024-01-10,]
[SQL_LOG:2024-01-10 18:08:29]: SELECT     e.event_id, 
    e.category_id, 
    c.category_name,
    c.icon_id AS c_icon_id,
    i1.html_tag AS c_html,
    c.icon_color AS c_icon_color,
    e.wallet_id, 
    w.wallet_name, 
    w.icon_id AS w_icon_id, 
    i2.html_tag AS w_html, 
    w.icon_color AS w_icon_color,
    e.option,
    e.amount, 
    e.date, 
    e.other FROM money_events e  INNER JOIN  categories c  ON  e.category_id = c.category_id    INNER JOIN  wallets w  ON  e.wallet_id = w.wallet_id    INNER JOIN  icons i1  ON  COALESCE(w.icon_id, 0) = COALESCE(i1.icon_id, 0)    INNER JOIN  icons i2  ON  COALESCE(w.icon_id, 0) = COALESCE(i2.icon_id, 0)   WHERE  e.user_id = ? AND date BETWEEN "2024-01-01 00:00:00" AND LAST_DAY("2024-01-01 00:00:00")      [1]
[SQL_LOG:2024-01-10 18:08:29]: INSERT INTO  money_events  (user_id,category_id,wallet_id,option,amount,date,other) VALUES (?,?,?,?,?,?,?) [1,6,1,0,500,2024-01-10,]
[SQL_LOG:2024-01-10 18:08:30]: SELECT     c.category_id,
    c.category_name,
    c.item_order,
    c.icon_id,
    c.icon_color,
    i.html_tag FROM  categories c   INNER JOIN  icons i ON i.icon_id = c.icon_id   WHERE  user_id = ?      [1]
[SQL_LOG:2024-01-10 18:09:44]: SELECT     e.event_id, 
    e.category_id, 
    c.category_name,
    c.icon_id AS c_icon_id,
    i1.html_tag AS c_html,
    c.icon_color AS c_icon_color,
    e.wallet_id, 
    w.wallet_name, 
    w.icon_id AS w_icon_id, 
    i2.html_tag AS w_html, 
    w.icon_color AS w_icon_color,
    e.option,
    e.amount, 
    e.date, 
    e.other FROM money_events e  INNER JOIN  categories c  ON  e.category_id = c.category_id    INNER JOIN  wallets w  ON  e.wallet_id = w.wallet_id    INNER JOIN  icons i1  ON  COALESCE(w.icon_id, 0) = COALESCE(i1.icon_id, 0)    INNER JOIN  icons i2  ON  COALESCE(w.icon_id, 0) = COALESCE(i2.icon_id, 0)   WHERE  e.user_id = ? AND date BETWEEN "2024-01-01 00:00:00" AND LAST_DAY("2024-01-01 00:00:00")      [1]
[SQL_LOG:2024-01-10 18:09:44]: SELECT     c.category_id,
    c.category_name,
    c.item_order,
    c.icon_id,
    c.icon_color,
    i.html_tag FROM  categories c   INNER JOIN  icons i ON i.icon_id = c.icon_id   WHERE  user_id = ?      [1]
[SQL_LOG:2024-01-10 18:11:05]: INSERT INTO  money_events  (user_id,category_id,wallet_id,option,amount,date,other) VALUES (?,?,?,?,?,?,?) [1,14,1,0,0,2024-01-12,]
[SQL_LOG:2024-01-10 18:11:05]: SELECT     e.event_id, 
    e.category_id, 
    c.category_name,
    c.icon_id AS c_icon_id,
    i1.html_tag AS c_html,
    c.icon_color AS c_icon_color,
    e.wallet_id, 
    w.wallet_name, 
    w.icon_id AS w_icon_id, 
    i2.html_tag AS w_html, 
    w.icon_color AS w_icon_color,
    e.option,
    e.amount, 
    e.date, 
    e.other FROM money_events e  INNER JOIN  categories c  ON  e.category_id = c.category_id    INNER JOIN  wallets w  ON  e.wallet_id = w.wallet_id    INNER JOIN  icons i1  ON  COALESCE(w.icon_id, 0) = COALESCE(i1.icon_id, 0)    INNER JOIN  icons i2  ON  COALESCE(w.icon_id, 0) = COALESCE(i2.icon_id, 0)   WHERE  e.user_id = ? AND date BETWEEN "2024-01-01 00:00:00" AND LAST_DAY("2024-01-01 00:00:00")      [1]
[SQL_LOG:2024-01-10 18:11:05]: SELECT     c.category_id,
    c.category_name,
    c.item_order,
    c.icon_id,
    c.icon_color,
    i.html_tag FROM  categories c   INNER JOIN  icons i ON i.icon_id = c.icon_id   WHERE  user_id = ?      [1]
[SQL_LOG:2024-01-10 18:11:26]: INSERT INTO  money_events  (user_id,category_id,wallet_id,option,amount,date,other) VALUES (?,?,?,?,?,?,?) [1,2,1,1,50000,,]
[SQL_LOG:2024-01-10 18:11:26]: SELECT     e.event_id, 
    e.category_id, 
    c.category_name,
    c.icon_id AS c_icon_id,
    i1.html_tag AS c_html,
    c.icon_color AS c_icon_color,
    e.wallet_id, 
    w.wallet_name, 
    w.icon_id AS w_icon_id, 
    i2.html_tag AS w_html, 
    w.icon_color AS w_icon_color,
    e.option,
    e.amount, 
    e.date, 
    e.other FROM money_events e  INNER JOIN  categories c  ON  e.category_id = c.category_id    INNER JOIN  wallets w  ON  e.wallet_id = w.wallet_id    INNER JOIN  icons i1  ON  COALESCE(w.icon_id, 0) = COALESCE(i1.icon_id, 0)    INNER JOIN  icons i2  ON  COALESCE(w.icon_id, 0) = COALESCE(i2.icon_id, 0)   WHERE  e.user_id = ? AND date BETWEEN "2024-01-01 00:00:00" AND LAST_DAY("2024-01-01 00:00:00")      [1]
[SQL_LOG:2024-01-10 18:11:26]: SELECT     c.category_id,
    c.category_name,
    c.item_order,
    c.icon_id,
    c.icon_color,
    i.html_tag FROM  categories c   INNER JOIN  icons i ON i.icon_id = c.icon_id   WHERE  user_id = ?      [1]
[SQL_LOG:2024-01-10 18:13:39]: SELECT     e.event_id, 
    e.category_id, 
    c.category_name,
    c.icon_id AS c_icon_id,
    i1.html_tag AS c_html,
    c.icon_color AS c_icon_color,
    e.wallet_id, 
    w.wallet_name, 
    w.icon_id AS w_icon_id, 
    i2.html_tag AS w_html, 
    w.icon_color AS w_icon_color,
    e.option,
    e.amount, 
    e.date, 
    e.other FROM money_events e  INNER JOIN  categories c  ON  e.category_id = c.category_id    INNER JOIN  wallets w  ON  e.wallet_id = w.wallet_id    INNER JOIN  icons i1  ON  COALESCE(w.icon_id, 0) = COALESCE(i1.icon_id, 0)    INNER JOIN  icons i2  ON  COALESCE(w.icon_id, 0) = COALESCE(i2.icon_id, 0)   WHERE  e.user_id = ? AND date BETWEEN "2024-01-01 00:00:00" AND LAST_DAY("2024-01-01 00:00:00")      [1]
[SQL_LOG:2024-01-10 18:13:39]: SELECT     c.category_id,
    c.category_name,
    c.item_order,
    c.icon_id,
    c.icon_color,
    i.html_tag FROM  categories c   INNER JOIN  icons i ON i.icon_id = c.icon_id   WHERE  user_id = ?      [1]
